[2020/12/10-09:06:23] [main] [INFO ] [com.digitaldeparturesystem.DDSApplication] : Starting DDSApplication on JW8NYXIHL6RWMBC with PID 4104 (C:\Users\Administrator\Desktop\lixiaosys\DigitalDepartureSystem\target\classes started by Administrator in C:\Users\Administrator\Desktop\lixiaosys\DigitalDepartureSystem)
[2020/12/10-09:06:23] [main] [DEBUG] [com.digitaldeparturesystem.DDSApplication] : Running with Spring Boot v2.3.3.RELEASE, Spring v5.2.8.RELEASE
[2020/12/10-09:06:23] [main] [INFO ] [com.digitaldeparturesystem.DDSApplication] : No active profile set, falling back to default profiles: default
[2020/12/10-09:06:32] [main] [INFO ] [com.digitaldeparturesystem.DDSApplication] : Started DDSApplication in 9.493 seconds (JVM running for 11.437)
[2020/12/10-09:07:13] [http-nio-8888-exec-3] [DEBUG] [com.digitaldeparturesystem.mapper.SectorMapper.findOneByClerkAccount] : ==>  Preparing: select * from clerk where clerkAccount = ?;
[2020/12/10-09:07:13] [http-nio-8888-exec-3] [DEBUG] [com.digitaldeparturesystem.mapper.SectorMapper.findOneByClerkAccount] : ==> Parameters: 2018110427(String)
[2020/12/10-09:07:14] [http-nio-8888-exec-3] [DEBUG] [com.digitaldeparturesystem.mapper.SectorMapper.findOneByClerkAccount] : <==      Total: 1
[2020/12/10-09:07:14] [http-nio-8888-exec-3] [INFO ] [com.digitaldeparturesystem.config.security.AjaxAuthenticationSuccessHandler] : 0:0:0:0:0:0:0:1 ==> login success
[2020/12/10-09:07:14] [http-nio-8888-exec-3] [INFO ] [com.digitaldeparturesystem.config.security.AjaxAuthenticationSuccessHandler] : 管理员账户名 ==> 2018110427
[2020/12/10-09:07:14] [http-nio-8888-exec-3] [DEBUG] [com.digitaldeparturesystem.mapper.UserRoleMapper.getRolesByUser] : ==>  Preparing: select * from role where id in( select role_id from user_role where user_id = ?);
[2020/12/10-09:07:14] [http-nio-8888-exec-3] [DEBUG] [com.digitaldeparturesystem.mapper.UserRoleMapper.getRolesByUser] : ==> Parameters: 783001698883862528(String)
[2020/12/10-09:07:14] [http-nio-8888-exec-3] [DEBUG] [com.digitaldeparturesystem.mapper.UserRoleMapper.getRolesByUser] : <==      Total: 2
[2020/12/10-09:07:14] [http-nio-8888-exec-3] [DEBUG] [com.digitaldeparturesystem.mapper.RoleAuthorityMapper.getAuthorityNoParentByRole] : ==>  Preparing: select * from authorities where id in( select authority_id from role_authority where role_id = ?) and parent_id is null order by `index` asc;
[2020/12/10-09:07:14] [http-nio-8888-exec-3] [DEBUG] [com.digitaldeparturesystem.mapper.RoleAuthorityMapper.getAuthorityNoParentByRole] : ==> Parameters: 785175802399424512(String)
[2020/12/10-09:07:14] [http-nio-8888-exec-3] [DEBUG] [com.digitaldeparturesystem.mapper.RoleAuthorityMapper.getAuthorityNoParentByRole] : <==      Total: 1
[2020/12/10-09:07:14] [http-nio-8888-exec-3] [DEBUG] [com.digitaldeparturesystem.mapper.RoleAuthorityMapper.findChildrenByParentId] : ==>  Preparing: select * from authorities where parent_id = ? order by `index` asc;
[2020/12/10-09:07:14] [http-nio-8888-exec-3] [DEBUG] [com.digitaldeparturesystem.mapper.RoleAuthorityMapper.findChildrenByParentId] : ==> Parameters: 782240771519545344(String)
[2020/12/10-09:07:14] [http-nio-8888-exec-3] [DEBUG] [com.digitaldeparturesystem.mapper.RoleAuthorityMapper.findChildrenByParentId] : <==      Total: 0
[2020/12/10-09:07:14] [http-nio-8888-exec-3] [DEBUG] [com.digitaldeparturesystem.mapper.RoleAuthorityMapper.getAuthorityNoParentByRole] : ==>  Preparing: select * from authorities where id in( select authority_id from role_authority where role_id = ?) and parent_id is null order by `index` asc;
[2020/12/10-09:07:14] [http-nio-8888-exec-3] [DEBUG] [com.digitaldeparturesystem.mapper.RoleAuthorityMapper.getAuthorityNoParentByRole] : ==> Parameters: 781917350797508608(String)
[2020/12/10-09:07:14] [http-nio-8888-exec-3] [DEBUG] [com.digitaldeparturesystem.mapper.RoleAuthorityMapper.getAuthorityNoParentByRole] : <==      Total: 1
[2020/12/10-09:07:14] [http-nio-8888-exec-3] [DEBUG] [com.digitaldeparturesystem.mapper.RoleAuthorityMapper.findChildrenByParentId] : ==>  Preparing: select * from authorities where parent_id = ? order by `index` asc;
[2020/12/10-09:07:14] [http-nio-8888-exec-3] [DEBUG] [com.digitaldeparturesystem.mapper.RoleAuthorityMapper.findChildrenByParentId] : ==> Parameters: 781909496053104640(String)
[2020/12/10-09:07:14] [http-nio-8888-exec-3] [DEBUG] [com.digitaldeparturesystem.mapper.RoleAuthorityMapper.findChildrenByParentId] : <==      Total: 4
[2020/12/10-09:07:14] [http-nio-8888-exec-3] [DEBUG] [com.digitaldeparturesystem.mapper.RoleAuthorityMapper.findChildrenByParentId] : ==>  Preparing: select * from authorities where parent_id = ? order by `index` asc;
[2020/12/10-09:07:14] [http-nio-8888-exec-3] [DEBUG] [com.digitaldeparturesystem.mapper.RoleAuthorityMapper.findChildrenByParentId] : ==> Parameters: 781910062275756032(String)
[2020/12/10-09:07:14] [http-nio-8888-exec-3] [DEBUG] [com.digitaldeparturesystem.mapper.RoleAuthorityMapper.findChildrenByParentId] : <==      Total: 0
[2020/12/10-09:07:14] [http-nio-8888-exec-3] [DEBUG] [com.digitaldeparturesystem.mapper.RoleAuthorityMapper.findChildrenByParentId] : ==>  Preparing: select * from authorities where parent_id = ? order by `index` asc;
[2020/12/10-09:07:14] [http-nio-8888-exec-3] [DEBUG] [com.digitaldeparturesystem.mapper.RoleAuthorityMapper.findChildrenByParentId] : ==> Parameters: 781910318585479168(String)
[2020/12/10-09:07:14] [http-nio-8888-exec-3] [DEBUG] [com.digitaldeparturesystem.mapper.RoleAuthorityMapper.findChildrenByParentId] : <==      Total: 0
[2020/12/10-09:07:14] [http-nio-8888-exec-3] [DEBUG] [com.digitaldeparturesystem.mapper.RoleAuthorityMapper.findChildrenByParentId] : ==>  Preparing: select * from authorities where parent_id = ? order by `index` asc;
[2020/12/10-09:07:14] [http-nio-8888-exec-3] [DEBUG] [com.digitaldeparturesystem.mapper.RoleAuthorityMapper.findChildrenByParentId] : ==> Parameters: 781910535728791552(String)
[2020/12/10-09:07:14] [http-nio-8888-exec-3] [DEBUG] [com.digitaldeparturesystem.mapper.RoleAuthorityMapper.findChildrenByParentId] : <==      Total: 0
[2020/12/10-09:07:14] [http-nio-8888-exec-3] [DEBUG] [com.digitaldeparturesystem.mapper.RoleAuthorityMapper.findChildrenByParentId] : ==>  Preparing: select * from authorities where parent_id = ? order by `index` asc;
[2020/12/10-09:07:14] [http-nio-8888-exec-3] [DEBUG] [com.digitaldeparturesystem.mapper.RoleAuthorityMapper.findChildrenByParentId] : ==> Parameters: 781911407137390592(String)
[2020/12/10-09:07:14] [http-nio-8888-exec-3] [DEBUG] [com.digitaldeparturesystem.mapper.RoleAuthorityMapper.findChildrenByParentId] : <==      Total: 0
[2020/12/10-09:07:14] [http-nio-8888-exec-3] [DEBUG] [com.digitaldeparturesystem.mapper.RefreshTokenMapper.deleteAllByUserId] : ==>  Preparing: delete from refreshtoken where userId = ?;
[2020/12/10-09:07:14] [http-nio-8888-exec-3] [DEBUG] [com.digitaldeparturesystem.mapper.RefreshTokenMapper.deleteAllByUserId] : ==> Parameters: 783001698883862528(String)
[2020/12/10-09:07:15] [http-nio-8888-exec-3] [DEBUG] [com.digitaldeparturesystem.mapper.RefreshTokenMapper.deleteAllByUserId] : <==    Updates: 1
[2020/12/10-09:07:15] [http-nio-8888-exec-3] [INFO ] [com.digitaldeparturesystem.service.impl.SectorServiceImpl] : deleteResult of refresh token ===> 1
[2020/12/10-09:07:16] [http-nio-8888-exec-3] [DEBUG] [com.digitaldeparturesystem.mapper.RefreshTokenMapper.insertRefreshToken] : ==>  Preparing: insert into refreshtoken(id,refreshToken,userId,tokenKey,createTime,updateTime) values(?,?,?,?,?,?);
[2020/12/10-09:07:16] [http-nio-8888-exec-3] [DEBUG] [com.digitaldeparturesystem.mapper.RefreshTokenMapper.insertRefreshToken] : ==> Parameters: 786519394913091584(String), eyJhbGciOiJIUzI1NiJ9.eyJqdGkiOiI3ODMwMDE2OTg4ODM4NjI1MjgiLCJpYXQiOjE2MDc1NjI0MzYsImV4cCI6MTYxMDE1NDQzNn0.BcBYlBoN17F-C4ZD7azMHZVaSM1TYTPM_1J9_-bDnYM(String), 783001698883862528(String), 4af081963dd88cc1acc520d70fc2c1ad(String), 2020-12-10 09:07:16.571(Timestamp), 2020-12-10 09:07:16.571(Timestamp)
[2020/12/10-09:07:16] [http-nio-8888-exec-3] [DEBUG] [com.digitaldeparturesystem.mapper.RefreshTokenMapper.insertRefreshToken] : <==    Updates: 1
[2020/12/10-09:09:04] [http-nio-8888-exec-6] [INFO ] [com.digitaldeparturesystem.service.impl.PermissionService] : 0:0:0:0:0:0:0:1 -- 2018110427 -- /swagger-ui.html
[2020/12/10-09:09:04] [http-nio-8888-exec-7] [INFO ] [com.digitaldeparturesystem.service.impl.PermissionService] : 0:0:0:0:0:0:0:1 -- 2018110427 -- /webjars/springfox-swagger-ui/springfox.css
[2020/12/10-09:09:04] [http-nio-8888-exec-10] [INFO ] [com.digitaldeparturesystem.service.impl.PermissionService] : 0:0:0:0:0:0:0:1 -- 2018110427 -- /webjars/springfox-swagger-ui/swagger-ui-standalone-preset.js
[2020/12/10-09:09:04] [http-nio-8888-exec-9] [INFO ] [com.digitaldeparturesystem.service.impl.PermissionService] : 0:0:0:0:0:0:0:1 -- 2018110427 -- /webjars/springfox-swagger-ui/swagger-ui-bundle.js
[2020/12/10-09:09:04] [http-nio-8888-exec-8] [INFO ] [com.digitaldeparturesystem.service.impl.PermissionService] : 0:0:0:0:0:0:0:1 -- 2018110427 -- /webjars/springfox-swagger-ui/swagger-ui.css
[2020/12/10-09:09:04] [http-nio-8888-exec-1] [INFO ] [com.digitaldeparturesystem.service.impl.PermissionService] : 0:0:0:0:0:0:0:1 -- 2018110427 -- /webjars/springfox-swagger-ui/springfox.js
[2020/12/10-09:09:04] [http-nio-8888-exec-2] [INFO ] [com.digitaldeparturesystem.service.impl.PermissionService] : 0:0:0:0:0:0:0:1 -- 2018110427 -- /swagger-resources/configuration/ui
[2020/12/10-09:09:04] [http-nio-8888-exec-3] [INFO ] [com.digitaldeparturesystem.service.impl.PermissionService] : 0:0:0:0:0:0:0:1 -- 2018110427 -- /webjars/springfox-swagger-ui/favicon-32x32.png
[2020/12/10-09:09:04] [http-nio-8888-exec-4] [INFO ] [com.digitaldeparturesystem.service.impl.PermissionService] : 0:0:0:0:0:0:0:1 -- 2018110427 -- /swagger-resources/configuration/security
[2020/12/10-09:09:04] [http-nio-8888-exec-5] [INFO ] [com.digitaldeparturesystem.service.impl.PermissionService] : 0:0:0:0:0:0:0:1 -- 2018110427 -- /swagger-resources
[2020/12/10-09:09:05] [http-nio-8888-exec-6] [INFO ] [com.digitaldeparturesystem.service.impl.PermissionService] : 0:0:0:0:0:0:0:1 -- 2018110427 -- /v2/api-docs
[2020/12/10-09:09:05] [http-nio-8888-exec-7] [INFO ] [com.digitaldeparturesystem.service.impl.PermissionService] : 0:0:0:0:0:0:0:1 -- 2018110427 -- /
[2020/12/10-09:09:05] [http-nio-8888-exec-8] [INFO ] [com.digitaldeparturesystem.service.impl.PermissionService] : 0:0:0:0:0:0:0:1 -- 2018110427 -- /webjars/springfox-swagger-ui/fonts/titillium-web-v6-latin-700.woff2
[2020/12/10-09:09:05] [http-nio-8888-exec-1] [INFO ] [com.digitaldeparturesystem.service.impl.PermissionService] : 0:0:0:0:0:0:0:1 -- 2018110427 -- /csrf
[2020/12/10-09:09:05] [http-nio-8888-exec-10] [INFO ] [com.digitaldeparturesystem.service.impl.PermissionService] : 0:0:0:0:0:0:0:1 -- 2018110427 -- /webjars/springfox-swagger-ui/fonts/open-sans-v15-latin-700.woff2
[2020/12/10-09:09:05] [http-nio-8888-exec-3] [INFO ] [com.digitaldeparturesystem.service.impl.PermissionService] : 0:0:0:0:0:0:0:1 -- 2018110427 -- /webjars/springfox-swagger-ui/fonts/open-sans-v15-latin-regular.woff2
[2020/12/10-09:09:05] [http-nio-8888-exec-9] [INFO ] [com.digitaldeparturesystem.service.impl.PermissionService] : 0:0:0:0:0:0:0:1 -- 2018110427 -- /webjars/springfox-swagger-ui/fonts/source-code-pro-v7-latin-300.woff2
[2020/12/10-09:09:06] [http-nio-8888-exec-2] [INFO ] [com.digitaldeparturesystem.service.impl.PermissionService] : 0:0:0:0:0:0:0:1 -- 2018110427 -- /webjars/springfox-swagger-ui/fonts/titillium-web-v6-latin-regular.woff2
[2020/12/10-09:09:08] [http-nio-8888-exec-4] [INFO ] [com.digitaldeparturesystem.service.impl.PermissionService] : 0:0:0:0:0:0:0:1 -- 2018110427 -- /v2/api-docs
[2020/12/10-09:09:31] [http-nio-8888-exec-5] [INFO ] [com.digitaldeparturesystem.service.impl.PermissionService] : 0:0:0:0:0:0:0:1 -- 2018110427 -- /webjars/springfox-swagger-ui/fonts/source-code-pro-v7-latin-600.woff2
[2020/12/10-09:09:48] [http-nio-8888-exec-8] [INFO ] [com.digitaldeparturesystem.service.impl.PermissionService] : 0:0:0:0:0:0:0:1 -- 2018110427 -- /sector/finance/findAllByPage
[2020/12/10-09:09:48] [http-nio-8888-exec-8] [DEBUG] [com.digitaldeparturesystem.mapper.FinanceMapper.listAllFinance_COUNT] : ==>  Preparing: SELECT count(0) FROM student s LEFT JOIN finance f ON s.stuID = f.stuID
[2020/12/10-09:09:48] [http-nio-8888-exec-8] [DEBUG] [com.digitaldeparturesystem.mapper.FinanceMapper.listAllFinance_COUNT] : ==> Parameters: 
[2020/12/10-09:09:48] [http-nio-8888-exec-8] [DEBUG] [com.digitaldeparturesystem.mapper.FinanceMapper.listAllFinance_COUNT] : <==      Total: 1
[2020/12/10-09:09:48] [http-nio-8888-exec-8] [DEBUG] [com.digitaldeparturesystem.mapper.FinanceMapper.listAllFinance] : ==>  Preparing: SELECT s.stuNumber, s.stuName, s.stuDept, s.stuType, f.expense, f.financeStatus FROM student s LEFT JOIN finance f ON s.stuID = f.stuID LIMIT ?
[2020/12/10-09:09:48] [http-nio-8888-exec-8] [DEBUG] [com.digitaldeparturesystem.mapper.FinanceMapper.listAllFinance] : ==> Parameters: 10(Integer)
[2020/12/10-09:09:48] [http-nio-8888-exec-8] [DEBUG] [com.digitaldeparturesystem.mapper.FinanceMapper.listAllFinance] : <==      Total: 10
[2020/12/10-09:09:48] [http-nio-8888-exec-7] [INFO ] [com.digitaldeparturesystem.service.impl.PermissionService] : 0:0:0:0:0:0:0:1 -- 2018110427 -- /webjars/springfox-swagger-ui/fonts/titillium-web-v6-latin-600.woff2
[2020/12/10-09:11:02] [http-nio-8888-exec-2] [INFO ] [com.digitaldeparturesystem.service.impl.PermissionService] : 0:0:0:0:0:0:0:1 -- 2018110427 -- /sector/finance/selectAllByPageAndType2/1/10
[2020/12/10-09:11:03] [http-nio-8888-exec-2] [INFO ] [com.digitaldeparturesystem.service.impl.FinanceServiceImpl] : params --- >> {financeStatus=0, stuDept=商学院, stuType= 本科生}
[2020/12/10-09:11:03] [http-nio-8888-exec-2] [DEBUG] [com.digitaldeparturesystem.mapper.FinanceMapper.listStudentFinanceInfos_COUNT] : ==>  Preparing: SELECT count(0) FROM student s LEFT JOIN finance f ON s.stuID = f.stuID WHERE s.stuDept = ? AND s.stuType = ? AND f.financeStatus = ?
[2020/12/10-09:11:03] [http-nio-8888-exec-2] [DEBUG] [com.digitaldeparturesystem.mapper.FinanceMapper.listStudentFinanceInfos_COUNT] : ==> Parameters: 商学院(String),  本科生(String), 0(String)
[2020/12/10-09:11:03] [http-nio-8888-exec-2] [DEBUG] [com.digitaldeparturesystem.mapper.FinanceMapper.listStudentFinanceInfos_COUNT] : <==      Total: 1
[2020/12/10-09:11:10] [http-nio-8888-exec-4] [INFO ] [com.digitaldeparturesystem.service.impl.PermissionService] : 0:0:0:0:0:0:0:1 -- 2018110427 -- /sector/finance/selectAllByPageAndType2/1/10
[2020/12/10-09:11:10] [http-nio-8888-exec-4] [INFO ] [com.digitaldeparturesystem.service.impl.FinanceServiceImpl] : params --- >> {financeStatus=0, stuDept=商学院, stuType=研究生}
[2020/12/10-09:11:10] [http-nio-8888-exec-4] [DEBUG] [com.digitaldeparturesystem.mapper.FinanceMapper.listStudentFinanceInfos_COUNT] : ==>  Preparing: SELECT count(0) FROM student s LEFT JOIN finance f ON s.stuID = f.stuID WHERE s.stuDept = ? AND s.stuType = ? AND f.financeStatus = ?
[2020/12/10-09:11:10] [http-nio-8888-exec-4] [DEBUG] [com.digitaldeparturesystem.mapper.FinanceMapper.listStudentFinanceInfos_COUNT] : ==> Parameters: 商学院(String), 研究生(String), 0(String)
[2020/12/10-09:11:11] [http-nio-8888-exec-4] [DEBUG] [com.digitaldeparturesystem.mapper.FinanceMapper.listStudentFinanceInfos_COUNT] : <==      Total: 1
[2020/12/10-09:11:11] [http-nio-8888-exec-4] [DEBUG] [com.digitaldeparturesystem.mapper.FinanceMapper.listStudentFinanceInfos] : ==>  Preparing: SELECT s.stuNumber, s.stuName, s.stuDept, s.stuType, f.expense, f.financeStatus FROM student s LEFT JOIN finance f ON s.stuID = f.stuID WHERE s.stuDept = ? AND s.stuType = ? AND f.financeStatus = ? LIMIT ?
[2020/12/10-09:11:11] [http-nio-8888-exec-4] [DEBUG] [com.digitaldeparturesystem.mapper.FinanceMapper.listStudentFinanceInfos] : ==> Parameters: 商学院(String), 研究生(String), 0(String), 10(Integer)
[2020/12/10-09:11:11] [http-nio-8888-exec-4] [DEBUG] [com.digitaldeparturesystem.mapper.FinanceMapper.listStudentFinanceInfos] : <==      Total: 2
[2020/12/10-09:39:33] [http-nio-8888-exec-8] [INFO ] [com.digitaldeparturesystem.service.impl.PermissionService] : 0:0:0:0:0:0:0:1 -- 2018110427 -- /sector/card/checkCard/2018110551
[2020/12/10-09:39:33] [http-nio-8888-exec-8] [DEBUG] [com.digitaldeparturesystem.mapper.CardMapper.doCheckCard] : ==>  Preparing: update card set cardBalance=0,cardStatus=1 where stuID=(select stuID from student where stuNumber=?)
[2020/12/10-09:39:33] [http-nio-8888-exec-8] [DEBUG] [com.digitaldeparturesystem.mapper.CardMapper.doCheckCard] : ==> Parameters: 2018110551(String)
[2020/12/10-09:39:33] [http-nio-8888-exec-8] [DEBUG] [com.digitaldeparturesystem.mapper.CardMapper.doCheckCard] : <==    Updates: 1
[2020/12/10-09:42:44] [http-nio-8888-exec-7] [INFO ] [com.digitaldeparturesystem.service.impl.PermissionService] : 0:0:0:0:0:0:0:1 -- 2018110427 -- /sector/card/checkCard/2018110551
[2020/12/10-09:42:44] [http-nio-8888-exec-7] [DEBUG] [com.digitaldeparturesystem.mapper.CardMapper.doCheckCard] : ==>  Preparing: update card set cardBalance=0,cardStatus=1 where stuID=(select stuID from student where stuNumber=?)
[2020/12/10-09:42:44] [http-nio-8888-exec-7] [DEBUG] [com.digitaldeparturesystem.mapper.CardMapper.doCheckCard] : ==> Parameters: 2018110551(String)
[2020/12/10-09:42:44] [http-nio-8888-exec-7] [DEBUG] [com.digitaldeparturesystem.mapper.CardMapper.doCheckCard] : <==    Updates: 1
[2020/12/10-11:46:55] [main] [INFO ] [com.digitaldeparturesystem.DDSApplication] : Starting DDSApplication on JW8NYXIHL6RWMBC with PID 18344 (C:\Users\Administrator\Desktop\lixiaosys\DigitalDepartureSystem\target\classes started by Administrator in C:\Users\Administrator\Desktop\lixiaosys\DigitalDepartureSystem)
[2020/12/10-11:46:55] [main] [DEBUG] [com.digitaldeparturesystem.DDSApplication] : Running with Spring Boot v2.3.3.RELEASE, Spring v5.2.8.RELEASE
[2020/12/10-11:46:55] [main] [INFO ] [com.digitaldeparturesystem.DDSApplication] : No active profile set, falling back to default profiles: default
[2020/12/10-11:47:00] [main] [INFO ] [com.digitaldeparturesystem.DDSApplication] : Started DDSApplication in 5.126 seconds (JVM running for 6.945)
[2020/12/10-11:50:35] [main] [INFO ] [com.digitaldeparturesystem.DDSApplication] : Starting DDSApplication on JW8NYXIHL6RWMBC with PID 16952 (C:\Users\Administrator\Desktop\lixiaosys\DigitalDepartureSystem\target\classes started by Administrator in C:\Users\Administrator\Desktop\lixiaosys\DigitalDepartureSystem)
[2020/12/10-11:50:35] [main] [DEBUG] [com.digitaldeparturesystem.DDSApplication] : Running with Spring Boot v2.3.3.RELEASE, Spring v5.2.8.RELEASE
[2020/12/10-11:50:35] [main] [INFO ] [com.digitaldeparturesystem.DDSApplication] : No active profile set, falling back to default profiles: default
[2020/12/10-11:50:40] [main] [INFO ] [com.digitaldeparturesystem.DDSApplication] : Started DDSApplication in 5.988 seconds (JVM running for 8.034)
[2020/12/10-15:28:06] [main] [INFO ] [com.digitaldeparturesystem.DDSApplication] : Starting DDSApplication on JW8NYXIHL6RWMBC with PID 21820 (C:\Users\Administrator\Desktop\lixiaosys\DigitalDepartureSystem\target\classes started by Administrator in C:\Users\Administrator\Desktop\lixiaosys\DigitalDepartureSystem)
[2020/12/10-15:28:06] [main] [DEBUG] [com.digitaldeparturesystem.DDSApplication] : Running with Spring Boot v2.3.3.RELEASE, Spring v5.2.8.RELEASE
[2020/12/10-15:28:06] [main] [INFO ] [com.digitaldeparturesystem.DDSApplication] : No active profile set, falling back to default profiles: default
[2020/12/10-15:28:12] [main] [INFO ] [com.digitaldeparturesystem.DDSApplication] : Started DDSApplication in 5.902 seconds (JVM running for 7.821)
[2020/12/10-16:13:03] [main] [INFO ] [com.digitaldeparturesystem.DDSApplication] : Starting DDSApplication on JW8NYXIHL6RWMBC with PID 14024 (C:\Users\Administrator\Desktop\lixiaosys\DigitalDepartureSystem\target\classes started by Administrator in C:\Users\Administrator\Desktop\lixiaosys\DigitalDepartureSystem)
[2020/12/10-16:13:03] [main] [DEBUG] [com.digitaldeparturesystem.DDSApplication] : Running with Spring Boot v2.3.3.RELEASE, Spring v5.2.8.RELEASE
[2020/12/10-16:13:03] [main] [INFO ] [com.digitaldeparturesystem.DDSApplication] : No active profile set, falling back to default profiles: default
[2020/12/10-16:13:08] [main] [INFO ] [com.digitaldeparturesystem.DDSApplication] : Started DDSApplication in 5.469 seconds (JVM running for 7.401)
[2020/12/10-16:13:19] [http-nio-8888-exec-1] [DEBUG] [com.digitaldeparturesystem.mapper.SectorMapper.findOneByClerkAccount] : ==>  Preparing: select * from clerk where clerkAccount = ?;
[2020/12/10-16:13:19] [http-nio-8888-exec-1] [DEBUG] [com.digitaldeparturesystem.mapper.SectorMapper.findOneByClerkAccount] : ==> Parameters: 2018110427(String)
[2020/12/10-16:13:20] [http-nio-8888-exec-1] [DEBUG] [com.digitaldeparturesystem.mapper.SectorMapper.findOneByClerkAccount] : <==      Total: 1
[2020/12/10-16:13:20] [http-nio-8888-exec-1] [INFO ] [com.digitaldeparturesystem.config.security.AjaxAuthenticationSuccessHandler] : 0:0:0:0:0:0:0:1 ==> login success
[2020/12/10-16:13:20] [http-nio-8888-exec-1] [INFO ] [com.digitaldeparturesystem.config.security.AjaxAuthenticationSuccessHandler] : 管理员账户名 ==> 2018110427
[2020/12/10-16:13:20] [http-nio-8888-exec-1] [DEBUG] [com.digitaldeparturesystem.mapper.UserRoleMapper.getRolesByUser] : ==>  Preparing: select * from role where id in( select role_id from user_role where user_id = ?);
[2020/12/10-16:13:20] [http-nio-8888-exec-1] [DEBUG] [com.digitaldeparturesystem.mapper.UserRoleMapper.getRolesByUser] : ==> Parameters: 783001698883862528(String)
[2020/12/10-16:13:21] [http-nio-8888-exec-1] [DEBUG] [com.digitaldeparturesystem.mapper.UserRoleMapper.getRolesByUser] : <==      Total: 2
[2020/12/10-16:13:21] [http-nio-8888-exec-1] [DEBUG] [com.digitaldeparturesystem.mapper.RoleAuthorityMapper.getAuthorityNoParentByRole] : ==>  Preparing: select * from authorities where id in( select authority_id from role_authority where role_id = ?) and parent_id is null order by `index` asc;
[2020/12/10-16:13:21] [http-nio-8888-exec-1] [DEBUG] [com.digitaldeparturesystem.mapper.RoleAuthorityMapper.getAuthorityNoParentByRole] : ==> Parameters: 785175802399424512(String)
[2020/12/10-16:13:21] [http-nio-8888-exec-1] [DEBUG] [com.digitaldeparturesystem.mapper.RoleAuthorityMapper.getAuthorityNoParentByRole] : <==      Total: 1
[2020/12/10-16:13:22] [http-nio-8888-exec-1] [DEBUG] [com.digitaldeparturesystem.mapper.RoleAuthorityMapper.findChildrenByParentId] : ==>  Preparing: select * from authorities where parent_id = ? order by `index` asc;
[2020/12/10-16:13:22] [http-nio-8888-exec-1] [DEBUG] [com.digitaldeparturesystem.mapper.RoleAuthorityMapper.findChildrenByParentId] : ==> Parameters: 782240771519545344(String)
[2020/12/10-16:13:22] [http-nio-8888-exec-1] [DEBUG] [com.digitaldeparturesystem.mapper.RoleAuthorityMapper.findChildrenByParentId] : <==      Total: 0
[2020/12/10-16:13:22] [http-nio-8888-exec-1] [DEBUG] [com.digitaldeparturesystem.mapper.RoleAuthorityMapper.getAuthorityNoParentByRole] : ==>  Preparing: select * from authorities where id in( select authority_id from role_authority where role_id = ?) and parent_id is null order by `index` asc;
[2020/12/10-16:13:22] [http-nio-8888-exec-1] [DEBUG] [com.digitaldeparturesystem.mapper.RoleAuthorityMapper.getAuthorityNoParentByRole] : ==> Parameters: 781917350797508608(String)
[2020/12/10-16:13:22] [http-nio-8888-exec-1] [DEBUG] [com.digitaldeparturesystem.mapper.RoleAuthorityMapper.getAuthorityNoParentByRole] : <==      Total: 1
[2020/12/10-16:13:22] [http-nio-8888-exec-1] [DEBUG] [com.digitaldeparturesystem.mapper.RoleAuthorityMapper.findChildrenByParentId] : ==>  Preparing: select * from authorities where parent_id = ? order by `index` asc;
[2020/12/10-16:13:22] [http-nio-8888-exec-1] [DEBUG] [com.digitaldeparturesystem.mapper.RoleAuthorityMapper.findChildrenByParentId] : ==> Parameters: 781909496053104640(String)
[2020/12/10-16:13:22] [http-nio-8888-exec-1] [DEBUG] [com.digitaldeparturesystem.mapper.RoleAuthorityMapper.findChildrenByParentId] : <==      Total: 4
[2020/12/10-16:13:23] [http-nio-8888-exec-1] [DEBUG] [com.digitaldeparturesystem.mapper.RoleAuthorityMapper.findChildrenByParentId] : ==>  Preparing: select * from authorities where parent_id = ? order by `index` asc;
[2020/12/10-16:13:23] [http-nio-8888-exec-1] [DEBUG] [com.digitaldeparturesystem.mapper.RoleAuthorityMapper.findChildrenByParentId] : ==> Parameters: 781910062275756032(String)
[2020/12/10-16:13:23] [http-nio-8888-exec-1] [DEBUG] [com.digitaldeparturesystem.mapper.RoleAuthorityMapper.findChildrenByParentId] : <==      Total: 0
[2020/12/10-16:13:23] [http-nio-8888-exec-1] [DEBUG] [com.digitaldeparturesystem.mapper.RoleAuthorityMapper.findChildrenByParentId] : ==>  Preparing: select * from authorities where parent_id = ? order by `index` asc;
[2020/12/10-16:13:23] [http-nio-8888-exec-1] [DEBUG] [com.digitaldeparturesystem.mapper.RoleAuthorityMapper.findChildrenByParentId] : ==> Parameters: 781910318585479168(String)
[2020/12/10-16:13:23] [http-nio-8888-exec-1] [DEBUG] [com.digitaldeparturesystem.mapper.RoleAuthorityMapper.findChildrenByParentId] : <==      Total: 0
[2020/12/10-16:13:23] [http-nio-8888-exec-1] [DEBUG] [com.digitaldeparturesystem.mapper.RoleAuthorityMapper.findChildrenByParentId] : ==>  Preparing: select * from authorities where parent_id = ? order by `index` asc;
[2020/12/10-16:13:23] [http-nio-8888-exec-1] [DEBUG] [com.digitaldeparturesystem.mapper.RoleAuthorityMapper.findChildrenByParentId] : ==> Parameters: 781910535728791552(String)
[2020/12/10-16:13:23] [http-nio-8888-exec-1] [DEBUG] [com.digitaldeparturesystem.mapper.RoleAuthorityMapper.findChildrenByParentId] : <==      Total: 0
[2020/12/10-16:13:23] [http-nio-8888-exec-1] [DEBUG] [com.digitaldeparturesystem.mapper.RoleAuthorityMapper.findChildrenByParentId] : ==>  Preparing: select * from authorities where parent_id = ? order by `index` asc;
[2020/12/10-16:13:23] [http-nio-8888-exec-1] [DEBUG] [com.digitaldeparturesystem.mapper.RoleAuthorityMapper.findChildrenByParentId] : ==> Parameters: 781911407137390592(String)
[2020/12/10-16:13:24] [http-nio-8888-exec-1] [DEBUG] [com.digitaldeparturesystem.mapper.RoleAuthorityMapper.findChildrenByParentId] : <==      Total: 0
[2020/12/10-16:13:27] [http-nio-8888-exec-1] [DEBUG] [com.digitaldeparturesystem.mapper.RefreshTokenMapper.deleteAllByUserId] : ==>  Preparing: delete from refreshtoken where userId = ?;
[2020/12/10-16:13:27] [http-nio-8888-exec-1] [DEBUG] [com.digitaldeparturesystem.mapper.RefreshTokenMapper.deleteAllByUserId] : ==> Parameters: 783001698883862528(String)
[2020/12/10-16:13:27] [http-nio-8888-exec-1] [DEBUG] [com.digitaldeparturesystem.mapper.RefreshTokenMapper.deleteAllByUserId] : <==    Updates: 1
[2020/12/10-16:13:27] [http-nio-8888-exec-1] [INFO ] [com.digitaldeparturesystem.service.impl.SectorServiceImpl] : deleteResult of refresh token ===> 1
[2020/12/10-16:13:28] [http-nio-8888-exec-1] [DEBUG] [com.digitaldeparturesystem.mapper.RefreshTokenMapper.insertRefreshToken] : ==>  Preparing: insert into refreshtoken(id,refreshToken,userId,tokenKey,createTime,updateTime) values(?,?,?,?,?,?);
[2020/12/10-16:13:28] [http-nio-8888-exec-1] [DEBUG] [com.digitaldeparturesystem.mapper.RefreshTokenMapper.insertRefreshToken] : ==> Parameters: 786626653303341056(String), eyJhbGciOiJIUzI1NiJ9.eyJqdGkiOiI3ODMwMDE2OTg4ODM4NjI1MjgiLCJpYXQiOjE2MDc1ODgwMDgsImV4cCI6MTYxMDE4MDAwOH0.etwuX3zJ2PwvPpxoZZZMtNmp6F-yMtTjZ7ls-rbyQIE(String), 783001698883862528(String), 270f6aa38f815132b19a8e708a3cd5ea(String), 2020-12-10 16:13:28.964(Timestamp), 2020-12-10 16:13:28.964(Timestamp)
[2020/12/10-16:13:29] [http-nio-8888-exec-1] [DEBUG] [com.digitaldeparturesystem.mapper.RefreshTokenMapper.insertRefreshToken] : <==    Updates: 1
[2020/12/10-16:13:32] [http-nio-8888-exec-3] [INFO ] [com.digitaldeparturesystem.service.impl.PermissionService] : 0:0:0:0:0:0:0:1 -- 2018110427 -- /swagger-ui.html
[2020/12/10-16:13:33] [http-nio-8888-exec-10] [INFO ] [com.digitaldeparturesystem.service.impl.PermissionService] : 0:0:0:0:0:0:0:1 -- 2018110427 -- /webjars/springfox-swagger-ui/springfox.css
[2020/12/10-16:13:33] [http-nio-8888-exec-7] [INFO ] [com.digitaldeparturesystem.service.impl.PermissionService] : 0:0:0:0:0:0:0:1 -- 2018110427 -- /webjars/springfox-swagger-ui/springfox.js
[2020/12/10-16:13:33] [http-nio-8888-exec-5] [INFO ] [com.digitaldeparturesystem.service.impl.PermissionService] : 0:0:0:0:0:0:0:1 -- 2018110427 -- /webjars/springfox-swagger-ui/swagger-ui-bundle.js
[2020/12/10-16:13:33] [http-nio-8888-exec-6] [INFO ] [com.digitaldeparturesystem.service.impl.PermissionService] : 0:0:0:0:0:0:0:1 -- 2018110427 -- /webjars/springfox-swagger-ui/swagger-ui-standalone-preset.js
[2020/12/10-16:13:33] [http-nio-8888-exec-4] [INFO ] [com.digitaldeparturesystem.service.impl.PermissionService] : 0:0:0:0:0:0:0:1 -- 2018110427 -- /webjars/springfox-swagger-ui/swagger-ui.css
[2020/12/10-16:13:34] [http-nio-8888-exec-9] [INFO ] [com.digitaldeparturesystem.service.impl.PermissionService] : 0:0:0:0:0:0:0:1 -- 2018110427 -- /webjars/springfox-swagger-ui/favicon-32x32.png
[2020/12/10-16:13:34] [http-nio-8888-exec-8] [INFO ] [com.digitaldeparturesystem.service.impl.PermissionService] : 0:0:0:0:0:0:0:1 -- 2018110427 -- /swagger-resources/configuration/ui
[2020/12/10-16:13:34] [http-nio-8888-exec-2] [INFO ] [com.digitaldeparturesystem.service.impl.PermissionService] : 0:0:0:0:0:0:0:1 -- 2018110427 -- /swagger-resources/configuration/security
[2020/12/10-16:13:35] [http-nio-8888-exec-1] [INFO ] [com.digitaldeparturesystem.service.impl.PermissionService] : 0:0:0:0:0:0:0:1 -- 2018110427 -- /swagger-resources
[2020/12/10-16:13:35] [http-nio-8888-exec-3] [INFO ] [com.digitaldeparturesystem.service.impl.PermissionService] : 0:0:0:0:0:0:0:1 -- 2018110427 -- /v2/api-docs
[2020/12/10-16:13:35] [http-nio-8888-exec-4] [INFO ] [com.digitaldeparturesystem.service.impl.PermissionService] : 0:0:0:0:0:0:0:1 -- 2018110427 -- /webjars/springfox-swagger-ui/fonts/titillium-web-v6-latin-700.woff2
[2020/12/10-16:13:35] [http-nio-8888-exec-10] [INFO ] [com.digitaldeparturesystem.service.impl.PermissionService] : 0:0:0:0:0:0:0:1 -- 2018110427 -- /
[2020/12/10-16:13:35] [http-nio-8888-exec-7] [INFO ] [com.digitaldeparturesystem.service.impl.PermissionService] : 0:0:0:0:0:0:0:1 -- 2018110427 -- /csrf
[2020/12/10-16:13:35] [http-nio-8888-exec-5] [INFO ] [com.digitaldeparturesystem.service.impl.PermissionService] : 0:0:0:0:0:0:0:1 -- 2018110427 -- /webjars/springfox-swagger-ui/fonts/source-code-pro-v7-latin-300.woff2
[2020/12/10-16:13:35] [http-nio-8888-exec-6] [INFO ] [com.digitaldeparturesystem.service.impl.PermissionService] : 0:0:0:0:0:0:0:1 -- 2018110427 -- /webjars/springfox-swagger-ui/fonts/open-sans-v15-latin-700.woff2
[2020/12/10-16:13:35] [http-nio-8888-exec-9] [INFO ] [com.digitaldeparturesystem.service.impl.PermissionService] : 0:0:0:0:0:0:0:1 -- 2018110427 -- /webjars/springfox-swagger-ui/fonts/open-sans-v15-latin-regular.woff2
[2020/12/10-16:13:42] [http-nio-8888-exec-8] [INFO ] [com.digitaldeparturesystem.service.impl.PermissionService] : 0:0:0:0:0:0:0:1 -- 2018110427 -- /webjars/springfox-swagger-ui/fonts/source-code-pro-v7-latin-600.woff2
[2020/12/10-16:13:48] [http-nio-8888-exec-2] [INFO ] [com.digitaldeparturesystem.service.impl.PermissionService] : 0:0:0:0:0:0:0:1 -- 2018110427 -- /webjars/springfox-swagger-ui/fonts/titillium-web-v6-latin-regular.woff2
[2020/12/10-16:13:54] [http-nio-8888-exec-1] [INFO ] [com.digitaldeparturesystem.service.impl.PermissionService] : 0:0:0:0:0:0:0:1 -- 2018110427 -- /sector/library/getStuBookDetail/2018110551
[2020/12/10-16:13:55] [http-nio-8888-exec-1] [DEBUG] [com.digitaldeparturesystem.mapper.LibraryMapper.findStuByStuNumber] : ==>  Preparing: select * from student where stuNumber=?
[2020/12/10-16:13:55] [http-nio-8888-exec-1] [DEBUG] [com.digitaldeparturesystem.mapper.LibraryMapper.findStuByStuNumber] : ==> Parameters: 2018110551(String)
[2020/12/10-16:13:55] [http-nio-8888-exec-1] [DEBUG] [com.digitaldeparturesystem.mapper.LibraryMapper.findStuByStuNumber] : <==      Total: 1
[2020/12/10-16:13:55] [http-nio-8888-exec-1] [DEBUG] [com.digitaldeparturesystem.mapper.LibraryMapper.findStuLibrary] : ==>  Preparing: SELECT s.`stuNumber`,s.`stuName`,s.`stuDept`,s.`stuType`,COUNT(*) AS allBook,l.`libStatus` FROM student s,book b ,lib l WHERE s.`stuID`=b.`stuID` AND l.`stuID`=b.`stuID` AND stuNumber=? GROUP BY l.`stuID`,l.libStatus;
[2020/12/10-16:13:55] [http-nio-8888-exec-1] [DEBUG] [com.digitaldeparturesystem.mapper.LibraryMapper.findStuLibrary] : ==> Parameters: 2018110551(String)
[2020/12/10-16:13:55] [http-nio-8888-exec-1] [DEBUG] [com.digitaldeparturesystem.mapper.LibraryMapper.findStuLibrary] : <==      Total: 1
[2020/12/10-16:13:55] [http-nio-8888-exec-1] [DEBUG] [com.digitaldeparturesystem.mapper.LibraryMapper.bookDetail] : ==>  Preparing: select b.bookID,b.bookNum,b.bookName,b.returnStatus from book b where b.stuID = (select stuID from student where stuNumber=?)
[2020/12/10-16:13:55] [http-nio-8888-exec-1] [DEBUG] [com.digitaldeparturesystem.mapper.LibraryMapper.bookDetail] : ==> Parameters: 2018110551(String)
[2020/12/10-16:13:55] [http-nio-8888-exec-1] [DEBUG] [com.digitaldeparturesystem.mapper.LibraryMapper.bookDetail] : <==      Total: 2
[2020/12/10-16:13:56] [http-nio-8888-exec-4] [INFO ] [com.digitaldeparturesystem.service.impl.PermissionService] : 0:0:0:0:0:0:0:1 -- 2018110427 -- /webjars/springfox-swagger-ui/fonts/titillium-web-v6-latin-600.woff2
[2020/12/10-16:56:30] [main] [INFO ] [com.digitaldeparturesystem.DDSApplication] : Starting DDSApplication on JW8NYXIHL6RWMBC with PID 11428 (C:\Users\Administrator\Desktop\lixiaosys\DigitalDepartureSystem\target\classes started by Administrator in C:\Users\Administrator\Desktop\lixiaosys\DigitalDepartureSystem)
[2020/12/10-16:56:30] [main] [DEBUG] [com.digitaldeparturesystem.DDSApplication] : Running with Spring Boot v2.3.3.RELEASE, Spring v5.2.8.RELEASE
[2020/12/10-16:56:30] [main] [INFO ] [com.digitaldeparturesystem.DDSApplication] : No active profile set, falling back to default profiles: default
[2020/12/10-16:56:36] [main] [INFO ] [com.digitaldeparturesystem.DDSApplication] : Started DDSApplication in 5.943 seconds (JVM running for 7.929)
