[2020/12/03-15:58:15] [main] [INFO ] [com.digitaldeparturesystem.DDSApplication] : Starting DDSApplication on LAPTOP-R1DD2K67 with PID 30124 (C:\Users\47314\Desktop\dds\DigitalDepartureSystem-ls\target\classes started by 47314 in C:\Users\47314\Desktop\dds\DigitalDepartureSystem-ls)
[2020/12/03-15:58:15] [main] [DEBUG] [com.digitaldeparturesystem.DDSApplication] : Running with Spring Boot v2.3.3.RELEASE, Spring v5.2.8.RELEASE
[2020/12/03-15:58:15] [main] [INFO ] [com.digitaldeparturesystem.DDSApplication] : No active profile set, falling back to default profiles: default
[2020/12/03-15:58:22] [main] [INFO ] [com.digitaldeparturesystem.DDSApplication] : Started DDSApplication in 8.299 seconds (JVM running for 10.994)
[2020/12/03-15:58:26] [http-nio-8888-exec-1] [INFO ] [com.digitaldeparturesystem.service.impl.SectorServiceImpl] : checkClerk tokenKey ==> null
[2020/12/03-15:58:27] [http-nio-8888-exec-1] [DEBUG] [com.digitaldeparturesystem.mapper.RefreshTokenMapper.findOneByTokenKey] : ==>  Preparing: select * from refreshtoken where tokenKey = ?;
[2020/12/03-15:58:27] [http-nio-8888-exec-1] [DEBUG] [com.digitaldeparturesystem.mapper.RefreshTokenMapper.findOneByTokenKey] : ==> Parameters: null
[2020/12/03-15:58:27] [http-nio-8888-exec-1] [DEBUG] [com.digitaldeparturesystem.mapper.RefreshTokenMapper.findOneByTokenKey] : <==      Total: 0
[2020/12/03-15:58:27] [http-nio-8888-exec-1] [INFO ] [com.digitaldeparturesystem.service.impl.SectorServiceImpl] : refresh token is null =====
[2020/12/03-15:58:48] [http-nio-8888-exec-4] [DEBUG] [com.digitaldeparturesystem.mapper.SectorMapper.findOneByClerkAccount] : ==>  Preparing: select * from clerk where clerkAccount = ?;
[2020/12/03-15:58:48] [http-nio-8888-exec-4] [DEBUG] [com.digitaldeparturesystem.mapper.SectorMapper.findOneByClerkAccount] : ==> Parameters: 2018110(String)
[2020/12/03-15:58:48] [http-nio-8888-exec-4] [DEBUG] [com.digitaldeparturesystem.mapper.SectorMapper.findOneByClerkAccount] : <==      Total: 1
[2020/12/03-15:58:49] [http-nio-8888-exec-4] [INFO ] [com.digitaldeparturesystem.config.security.AjaxAuthenticationSuccessHandler] : 0:0:0:0:0:0:0:1 ==> login success
[2020/12/03-15:58:49] [http-nio-8888-exec-4] [INFO ] [com.digitaldeparturesystem.config.security.AjaxAuthenticationSuccessHandler] : 账户名 ==> 2018110
[2020/12/03-15:58:49] [http-nio-8888-exec-4] [DEBUG] [com.digitaldeparturesystem.mapper.UserRoleMapper.getRolesByUser] : ==>  Preparing: select * from role where id in( select role_id from user_role where user_id = ?);
[2020/12/03-15:58:49] [http-nio-8888-exec-4] [DEBUG] [com.digitaldeparturesystem.mapper.UserRoleMapper.getRolesByUser] : ==> Parameters: 781871136110542848(String)
[2020/12/03-15:58:49] [http-nio-8888-exec-4] [DEBUG] [com.digitaldeparturesystem.mapper.UserRoleMapper.getRolesByUser] : <==      Total: 2
[2020/12/03-15:58:49] [http-nio-8888-exec-4] [DEBUG] [com.digitaldeparturesystem.mapper.RoleAuthorityMapper.getAuthorityNoParentByRole] : ==>  Preparing: select * from authorities where id in( select authority_id from role_authority where role_id = ?) and parent_id is null order by `index` asc;
[2020/12/03-15:58:49] [http-nio-8888-exec-4] [DEBUG] [com.digitaldeparturesystem.mapper.RoleAuthorityMapper.getAuthorityNoParentByRole] : ==> Parameters: 782284404641759232(String)
[2020/12/03-15:58:49] [http-nio-8888-exec-4] [DEBUG] [com.digitaldeparturesystem.mapper.RoleAuthorityMapper.getAuthorityNoParentByRole] : <==      Total: 0
[2020/12/03-15:58:49] [http-nio-8888-exec-4] [DEBUG] [com.digitaldeparturesystem.mapper.RoleAuthorityMapper.getAuthorityNoParentByRole] : ==>  Preparing: select * from authorities where id in( select authority_id from role_authority where role_id = ?) and parent_id is null order by `index` asc;
[2020/12/03-15:58:49] [http-nio-8888-exec-4] [DEBUG] [com.digitaldeparturesystem.mapper.RoleAuthorityMapper.getAuthorityNoParentByRole] : ==> Parameters: 782284517887967232(String)
[2020/12/03-15:58:49] [http-nio-8888-exec-4] [DEBUG] [com.digitaldeparturesystem.mapper.RoleAuthorityMapper.getAuthorityNoParentByRole] : <==      Total: 0
[2020/12/03-15:58:49] [http-nio-8888-exec-4] [DEBUG] [com.digitaldeparturesystem.mapper.RefreshTokenMapper.deleteAllByUserId] : ==>  Preparing: delete from refreshtoken where userId = ?;
[2020/12/03-15:58:49] [http-nio-8888-exec-4] [DEBUG] [com.digitaldeparturesystem.mapper.RefreshTokenMapper.deleteAllByUserId] : ==> Parameters: 781871136110542848(String)
[2020/12/03-15:58:49] [http-nio-8888-exec-4] [DEBUG] [com.digitaldeparturesystem.mapper.RefreshTokenMapper.deleteAllByUserId] : <==    Updates: 0
[2020/12/03-15:58:49] [http-nio-8888-exec-4] [INFO ] [com.digitaldeparturesystem.service.impl.SectorServiceImpl] : deleteResult of refresh token ===> 0
[2020/12/03-15:58:50] [http-nio-8888-exec-4] [DEBUG] [com.digitaldeparturesystem.mapper.RefreshTokenMapper.insertRefreshToken] : ==>  Preparing: insert into refreshtoken(id,refreshToken,userId,tokenKey,createTime,updateTime) values(?,?,?,?,?,?);
[2020/12/03-15:58:50] [http-nio-8888-exec-4] [DEBUG] [com.digitaldeparturesystem.mapper.RefreshTokenMapper.insertRefreshToken] : ==> Parameters: 784086255485845504(String), eyJhbGciOiJIUzI1NiJ9.eyJqdGkiOiI3ODE4NzExMzYxMTA1NDI4NDgiLCJpYXQiOjE2MDY5ODIzMzAsImV4cCI6MTYwOTU3NDMzMH0.t2QAbhTNFoRvMaDMc_dZBQk8XL-gFiriovRDp8SUkso(String), 781871136110542848(String), 9ce6ce7effece54252d508f3cfb5c86f(String), 2020-12-03 15:58:50.926(Timestamp), 2020-12-03 15:58:50.926(Timestamp)
[2020/12/03-15:58:51] [http-nio-8888-exec-4] [DEBUG] [com.digitaldeparturesystem.mapper.RefreshTokenMapper.insertRefreshToken] : <==    Updates: 1
[2020/12/03-15:58:59] [http-nio-8888-exec-5] [INFO ] [com.digitaldeparturesystem.service.impl.PermissionService] : 0:0:0:0:0:0:0:1 -- 2018110 -- /swagger-ui.html
[2020/12/03-15:59:01] [http-nio-8888-exec-7] [INFO ] [com.digitaldeparturesystem.service.impl.PermissionService] : 0:0:0:0:0:0:0:1 -- 2018110 -- /webjars/springfox-swagger-ui/swagger-ui.css
[2020/12/03-15:59:01] [http-nio-8888-exec-6] [INFO ] [com.digitaldeparturesystem.service.impl.PermissionService] : 0:0:0:0:0:0:0:1 -- 2018110 -- /webjars/springfox-swagger-ui/springfox.css
[2020/12/03-15:59:01] [http-nio-8888-exec-10] [INFO ] [com.digitaldeparturesystem.service.impl.PermissionService] : 0:0:0:0:0:0:0:1 -- 2018110 -- /webjars/springfox-swagger-ui/springfox.js
[2020/12/03-15:59:01] [http-nio-8888-exec-8] [INFO ] [com.digitaldeparturesystem.service.impl.PermissionService] : 0:0:0:0:0:0:0:1 -- 2018110 -- /webjars/springfox-swagger-ui/swagger-ui-bundle.js
[2020/12/03-15:59:01] [http-nio-8888-exec-9] [INFO ] [com.digitaldeparturesystem.service.impl.PermissionService] : 0:0:0:0:0:0:0:1 -- 2018110 -- /webjars/springfox-swagger-ui/swagger-ui-standalone-preset.js
[2020/12/03-15:59:01] [http-nio-8888-exec-1] [INFO ] [com.digitaldeparturesystem.service.impl.PermissionService] : 0:0:0:0:0:0:0:1 -- 2018110 -- /webjars/springfox-swagger-ui/favicon-32x32.png
[2020/12/03-15:59:01] [http-nio-8888-exec-3] [INFO ] [com.digitaldeparturesystem.service.impl.PermissionService] : 0:0:0:0:0:0:0:1 -- 2018110 -- /webjars/springfox-swagger-ui/favicon-16x16.png
[2020/12/03-15:59:01] [http-nio-8888-exec-2] [INFO ] [com.digitaldeparturesystem.service.impl.PermissionService] : 0:0:0:0:0:0:0:1 -- 2018110 -- /webjars/springfox-swagger-ui/swagger-ui.css.map
[2020/12/03-15:59:01] [http-nio-8888-exec-4] [INFO ] [com.digitaldeparturesystem.service.impl.PermissionService] : 0:0:0:0:0:0:0:1 -- 2018110 -- /webjars/springfox-swagger-ui/swagger-ui-bundle.js.map
[2020/12/03-15:59:01] [http-nio-8888-exec-5] [INFO ] [com.digitaldeparturesystem.service.impl.PermissionService] : 0:0:0:0:0:0:0:1 -- 2018110 -- /webjars/springfox-swagger-ui/swagger-ui-standalone-preset.js.map
[2020/12/03-15:59:02] [http-nio-8888-exec-7] [INFO ] [com.digitaldeparturesystem.service.impl.PermissionService] : 0:0:0:0:0:0:0:1 -- 2018110 -- /swagger-resources/configuration/ui
[2020/12/03-15:59:02] [http-nio-8888-exec-6] [INFO ] [com.digitaldeparturesystem.service.impl.PermissionService] : 0:0:0:0:0:0:0:1 -- 2018110 -- /webjars/springfox-swagger-ui/favicon-16x16.png
[2020/12/03-15:59:02] [http-nio-8888-exec-1] [INFO ] [com.digitaldeparturesystem.service.impl.PermissionService] : 0:0:0:0:0:0:0:1 -- 2018110 -- /swagger-resources/configuration/security
[2020/12/03-15:59:02] [http-nio-8888-exec-10] [INFO ] [com.digitaldeparturesystem.service.impl.PermissionService] : 0:0:0:0:0:0:0:1 -- 2018110 -- /swagger-resources
[2020/12/03-15:59:02] [http-nio-8888-exec-9] [INFO ] [com.digitaldeparturesystem.service.impl.PermissionService] : 0:0:0:0:0:0:0:1 -- 2018110 -- /v2/api-docs
[2020/12/03-15:59:03] [http-nio-8888-exec-3] [INFO ] [com.digitaldeparturesystem.service.impl.PermissionService] : 0:0:0:0:0:0:0:1 -- 2018110 -- /webjars/springfox-swagger-ui/fonts/titillium-web-v6-latin-700.woff2
[2020/12/03-15:59:03] [http-nio-8888-exec-8] [INFO ] [com.digitaldeparturesystem.service.impl.PermissionService] : 0:0:0:0:0:0:0:1 -- 2018110 -- /
[2020/12/03-15:59:03] [http-nio-8888-exec-2] [INFO ] [com.digitaldeparturesystem.service.impl.PermissionService] : 0:0:0:0:0:0:0:1 -- 2018110 -- /webjars/springfox-swagger-ui/fonts/open-sans-v15-latin-regular.woff2
[2020/12/03-15:59:03] [http-nio-8888-exec-5] [INFO ] [com.digitaldeparturesystem.service.impl.PermissionService] : 0:0:0:0:0:0:0:1 -- 2018110 -- /csrf
[2020/12/03-15:59:03] [http-nio-8888-exec-7] [INFO ] [com.digitaldeparturesystem.service.impl.PermissionService] : 0:0:0:0:0:0:0:1 -- 2018110 -- /webjars/springfox-swagger-ui/fonts/source-code-pro-v7-latin-300.woff2
[2020/12/03-15:59:03] [http-nio-8888-exec-4] [INFO ] [com.digitaldeparturesystem.service.impl.PermissionService] : 0:0:0:0:0:0:0:1 -- 2018110 -- /webjars/springfox-swagger-ui/fonts/open-sans-v15-latin-700.woff2
[2020/12/03-15:59:08] [http-nio-8888-exec-6] [INFO ] [com.digitaldeparturesystem.service.impl.PermissionService] : 0:0:0:0:0:0:0:1 -- 2018110 -- /webjars/springfox-swagger-ui/fonts/titillium-web-v6-latin-regular.woff2
[2020/12/03-15:59:10] [http-nio-8888-exec-1] [INFO ] [com.digitaldeparturesystem.service.impl.PermissionService] : 0:0:0:0:0:0:0:1 -- 2018110 -- /v2/api-docs
[2020/12/03-15:59:10] [http-nio-8888-exec-10] [INFO ] [com.digitaldeparturesystem.service.impl.PermissionService] : 0:0:0:0:0:0:0:1 -- 2018110 -- /webjars/springfox-swagger-ui/favicon-16x16.png
[2020/12/03-15:59:12] [http-nio-8888-exec-2] [INFO ] [com.digitaldeparturesystem.service.impl.PermissionService] : 0:0:0:0:0:0:0:1 -- 2018110 -- /v2/api-docs
[2020/12/03-15:59:12] [http-nio-8888-exec-3] [INFO ] [com.digitaldeparturesystem.service.impl.PermissionService] : 0:0:0:0:0:0:0:1 -- 2018110 -- /webjars/springfox-swagger-ui/favicon-16x16.png
[2020/12/03-15:59:14] [http-nio-8888-exec-8] [INFO ] [com.digitaldeparturesystem.service.impl.PermissionService] : 0:0:0:0:0:0:0:1 -- 2018110 -- /v2/api-docs
[2020/12/03-15:59:14] [http-nio-8888-exec-9] [INFO ] [com.digitaldeparturesystem.service.impl.PermissionService] : 0:0:0:0:0:0:0:1 -- 2018110 -- /webjars/springfox-swagger-ui/favicon-16x16.png
[2020/12/03-15:59:20] [http-nio-8888-exec-5] [INFO ] [com.digitaldeparturesystem.service.impl.PermissionService] : 0:0:0:0:0:0:0:1 -- 2018110 -- /v2/api-docs
[2020/12/03-15:59:20] [http-nio-8888-exec-7] [INFO ] [com.digitaldeparturesystem.service.impl.PermissionService] : 0:0:0:0:0:0:0:1 -- 2018110 -- /webjars/springfox-swagger-ui/favicon-16x16.png
[2020/12/03-15:59:24] [http-nio-8888-exec-4] [INFO ] [com.digitaldeparturesystem.service.impl.PermissionService] : 0:0:0:0:0:0:0:1 -- 2018110 -- /v2/api-docs
[2020/12/03-15:59:24] [http-nio-8888-exec-6] [INFO ] [com.digitaldeparturesystem.service.impl.PermissionService] : 0:0:0:0:0:0:0:1 -- 2018110 -- /webjars/springfox-swagger-ui/favicon-16x16.png
[2020/12/03-16:08:52] [http-nio-8888-exec-5] [INFO ] [com.digitaldeparturesystem.service.impl.PermissionService] : 0:0:0:0:0:0:0:1 -- 2018110 -- /v2/api-docs
[2020/12/03-16:08:52] [http-nio-8888-exec-7] [INFO ] [com.digitaldeparturesystem.service.impl.PermissionService] : 0:0:0:0:0:0:0:1 -- 2018110 -- /webjars/springfox-swagger-ui/favicon-16x16.png
[2020/12/03-16:08:54] [http-nio-8888-exec-4] [INFO ] [com.digitaldeparturesystem.service.impl.PermissionService] : 0:0:0:0:0:0:0:1 -- 2018110 -- /webjars/springfox-swagger-ui/favicon-16x16.png
[2020/12/03-16:08:54] [http-nio-8888-exec-6] [INFO ] [com.digitaldeparturesystem.service.impl.PermissionService] : 0:0:0:0:0:0:0:1 -- 2018110 -- /webjars/springfox-swagger-ui/fonts/source-code-pro-v7-latin-600.woff2
[2020/12/03-16:08:57] [http-nio-8888-exec-1] [INFO ] [com.digitaldeparturesystem.service.impl.PermissionService] : 0:0:0:0:0:0:0:1 -- 2018110 -- /webjars/springfox-swagger-ui/favicon-16x16.png
[2020/12/03-16:11:59] [http-nio-8888-exec-3] [INFO ] [com.digitaldeparturesystem.service.impl.PermissionService] : 0:0:0:0:0:0:0:1 -- 2018110 -- /common/menu
[2020/12/03-16:12:22] [http-nio-8888-exec-8] [INFO ] [com.digitaldeparturesystem.service.impl.PermissionService] : 0:0:0:0:0:0:0:1 -- 2018110 -- /common/menu
[2020/12/03-16:12:38] [http-nio-8888-exec-9] [INFO ] [com.digitaldeparturesystem.service.impl.PermissionService] : 0:0:0:0:0:0:0:1 -- 2018110 -- /swagger-ui.html
[2020/12/03-16:12:38] [http-nio-8888-exec-5] [INFO ] [com.digitaldeparturesystem.service.impl.PermissionService] : 0:0:0:0:0:0:0:1 -- 2018110 -- /webjars/springfox-swagger-ui/springfox.css
[2020/12/03-16:12:38] [http-nio-8888-exec-10] [INFO ] [com.digitaldeparturesystem.service.impl.PermissionService] : 0:0:0:0:0:0:0:1 -- 2018110 -- /webjars/springfox-swagger-ui/favicon-32x32.png
[2020/12/03-16:12:38] [http-nio-8888-exec-4] [INFO ] [com.digitaldeparturesystem.service.impl.PermissionService] : 0:0:0:0:0:0:0:1 -- 2018110 -- /webjars/springfox-swagger-ui/swagger-ui-bundle.js
[2020/12/03-16:12:38] [http-nio-8888-exec-6] [INFO ] [com.digitaldeparturesystem.service.impl.PermissionService] : 0:0:0:0:0:0:0:1 -- 2018110 -- /webjars/springfox-swagger-ui/swagger-ui-standalone-preset.js
[2020/12/03-16:12:38] [http-nio-8888-exec-1] [INFO ] [com.digitaldeparturesystem.service.impl.PermissionService] : 0:0:0:0:0:0:0:1 -- 2018110 -- /webjars/springfox-swagger-ui/springfox.js
[2020/12/03-16:12:38] [http-nio-8888-exec-7] [INFO ] [com.digitaldeparturesystem.service.impl.PermissionService] : 0:0:0:0:0:0:0:1 -- 2018110 -- /webjars/springfox-swagger-ui/swagger-ui.css
[2020/12/03-16:12:39] [http-nio-8888-exec-2] [INFO ] [com.digitaldeparturesystem.service.impl.PermissionService] : 0:0:0:0:0:0:0:1 -- 2018110 -- /webjars/springfox-swagger-ui/favicon-16x16.png
[2020/12/03-16:12:39] [http-nio-8888-exec-3] [INFO ] [com.digitaldeparturesystem.service.impl.PermissionService] : 0:0:0:0:0:0:0:1 -- 2018110 -- /swagger-resources/configuration/ui
[2020/12/03-16:12:39] [http-nio-8888-exec-8] [INFO ] [com.digitaldeparturesystem.service.impl.PermissionService] : 0:0:0:0:0:0:0:1 -- 2018110 -- /webjars/springfox-swagger-ui/favicon-16x16.png
[2020/12/03-16:12:40] [http-nio-8888-exec-9] [INFO ] [com.digitaldeparturesystem.service.impl.PermissionService] : 0:0:0:0:0:0:0:1 -- 2018110 -- /swagger-resources/configuration/security
[2020/12/03-16:12:40] [http-nio-8888-exec-5] [INFO ] [com.digitaldeparturesystem.service.impl.PermissionService] : 0:0:0:0:0:0:0:1 -- 2018110 -- /swagger-resources
[2020/12/03-16:12:40] [http-nio-8888-exec-1] [INFO ] [com.digitaldeparturesystem.service.impl.PermissionService] : 0:0:0:0:0:0:0:1 -- 2018110 -- /v2/api-docs
[2020/12/03-16:12:40] [http-nio-8888-exec-10] [INFO ] [com.digitaldeparturesystem.service.impl.PermissionService] : 0:0:0:0:0:0:0:1 -- 2018110 -- /
[2020/12/03-16:12:40] [http-nio-8888-exec-6] [INFO ] [com.digitaldeparturesystem.service.impl.PermissionService] : 0:0:0:0:0:0:0:1 -- 2018110 -- /webjars/springfox-swagger-ui/fonts/open-sans-v15-latin-regular.woff2
[2020/12/03-16:12:40] [http-nio-8888-exec-7] [INFO ] [com.digitaldeparturesystem.service.impl.PermissionService] : 0:0:0:0:0:0:0:1 -- 2018110 -- /webjars/springfox-swagger-ui/fonts/titillium-web-v6-latin-700.woff2
[2020/12/03-16:12:41] [http-nio-8888-exec-4] [INFO ] [com.digitaldeparturesystem.service.impl.PermissionService] : 0:0:0:0:0:0:0:1 -- 2018110 -- /webjars/springfox-swagger-ui/fonts/open-sans-v15-latin-700.woff2
[2020/12/03-16:12:41] [http-nio-8888-exec-3] [INFO ] [com.digitaldeparturesystem.service.impl.PermissionService] : 0:0:0:0:0:0:0:1 -- 2018110 -- /csrf
[2020/12/03-16:12:41] [http-nio-8888-exec-2] [INFO ] [com.digitaldeparturesystem.service.impl.PermissionService] : 0:0:0:0:0:0:0:1 -- 2018110 -- /webjars/springfox-swagger-ui/fonts/source-code-pro-v7-latin-300.woff2
[2020/12/03-16:31:20] [http-nio-8888-exec-6] [INFO ] [com.digitaldeparturesystem.service.impl.PermissionService] : 0:0:0:0:0:0:0:1 -- 2018110 -- /webjars/springfox-swagger-ui/fonts/titillium-web-v6-latin-regular.woff2
[2020/12/03-16:31:24] [http-nio-8888-exec-4] [INFO ] [com.digitaldeparturesystem.service.impl.PermissionService] : 0:0:0:0:0:0:0:1 -- 2018110 -- /v2/api-docs
[2020/12/03-16:31:24] [http-nio-8888-exec-2] [INFO ] [com.digitaldeparturesystem.service.impl.PermissionService] : 0:0:0:0:0:0:0:1 -- 2018110 -- /webjars/springfox-swagger-ui/favicon-16x16.png
[2020/12/03-16:31:29] [http-nio-8888-exec-3] [INFO ] [com.digitaldeparturesystem.service.impl.PermissionService] : 0:0:0:0:0:0:0:1 -- 2018110 -- /v2/api-docs
[2020/12/03-16:31:29] [http-nio-8888-exec-9] [INFO ] [com.digitaldeparturesystem.service.impl.PermissionService] : 0:0:0:0:0:0:0:1 -- 2018110 -- /webjars/springfox-swagger-ui/favicon-16x16.png
[2020/12/03-16:31:33] [http-nio-8888-exec-8] [INFO ] [com.digitaldeparturesystem.service.impl.PermissionService] : 0:0:0:0:0:0:0:1 -- 2018110 -- /webjars/springfox-swagger-ui/favicon-16x16.png
[2020/12/03-16:31:33] [http-nio-8888-exec-5] [INFO ] [com.digitaldeparturesystem.service.impl.PermissionService] : 0:0:0:0:0:0:0:1 -- 2018110 -- /webjars/springfox-swagger-ui/fonts/source-code-pro-v7-latin-600.woff2
[2020/12/03-16:31:37] [http-nio-8888-exec-7] [INFO ] [com.digitaldeparturesystem.service.impl.PermissionService] : 0:0:0:0:0:0:0:1 -- 2018110 -- /webjars/springfox-swagger-ui/favicon-16x16.png
[2020/12/03-16:31:41] [http-nio-8888-exec-10] [INFO ] [com.digitaldeparturesystem.service.impl.PermissionService] : 0:0:0:0:0:0:0:1 -- 2018110 -- /webjars/springfox-swagger-ui/favicon-16x16.png
[2020/12/03-16:31:43] [http-nio-8888-exec-1] [INFO ] [com.digitaldeparturesystem.service.impl.PermissionService] : 0:0:0:0:0:0:0:1 -- 2018110 -- /webjars/springfox-swagger-ui/favicon-16x16.png
[2020/12/03-16:31:46] [http-nio-8888-exec-6] [INFO ] [com.digitaldeparturesystem.service.impl.PermissionService] : 0:0:0:0:0:0:0:1 -- 2018110 -- /webjars/springfox-swagger-ui/favicon-16x16.png
[2020/12/03-16:31:49] [http-nio-8888-exec-4] [INFO ] [com.digitaldeparturesystem.service.impl.PermissionService] : 0:0:0:0:0:0:0:1 -- 2018110 -- /webjars/springfox-swagger-ui/favicon-16x16.png
[2020/12/03-16:43:15] [http-nio-8888-exec-9] [INFO ] [com.digitaldeparturesystem.service.impl.PermissionService] : 0:0:0:0:0:0:0:1 -- 2018110 -- /admin/role/authority/781917504145457152
[2020/12/03-16:43:15] [http-nio-8888-exec-9] [DEBUG] [com.digitaldeparturesystem.mapper.RoleMapper.getRoleById] : ==>  Preparing: select * from role where id = ?;
[2020/12/03-16:43:15] [http-nio-8888-exec-9] [DEBUG] [com.digitaldeparturesystem.mapper.RoleMapper.getRoleById] : ==> Parameters: 781917504145457152(String)
[2020/12/03-16:43:15] [http-nio-8888-exec-9] [DEBUG] [com.digitaldeparturesystem.mapper.RoleMapper.getRoleById] : <==      Total: 1
[2020/12/03-16:43:15] [http-nio-8888-exec-9] [DEBUG] [com.digitaldeparturesystem.mapper.RoleAuthorityMapper.addAuthorityToRole] : ==>  Preparing: insert into role_authority (`id`,`role_id`,`authority_id`) values (?,?,?);
[2020/12/03-16:43:15] [http-nio-8888-exec-9] [DEBUG] [com.digitaldeparturesystem.mapper.RoleAuthorityMapper.addAuthorityToRole] : ==> Parameters: 784097431850582016(String), 781917504145457152(String), 781914294336880640(String)
[2020/12/03-16:43:15] [http-nio-8888-exec-9] [DEBUG] [com.digitaldeparturesystem.mapper.RoleAuthorityMapper.addAuthorityToRole] : <==    Updates: 1
[2020/12/03-16:43:15] [http-nio-8888-exec-8] [INFO ] [com.digitaldeparturesystem.service.impl.PermissionService] : 0:0:0:0:0:0:0:1 -- 2018110 -- /webjars/springfox-swagger-ui/fonts/titillium-web-v6-latin-600.woff2
[2020/12/03-16:45:25] [http-nio-8888-exec-7] [INFO ] [com.digitaldeparturesystem.service.impl.PermissionService] : 0:0:0:0:0:0:0:1 -- 2018110 -- /admin/role/authority/782284210374180864
[2020/12/03-16:46:03] [http-nio-8888-exec-10] [INFO ] [com.digitaldeparturesystem.service.impl.PermissionService] : 0:0:0:0:0:0:0:1 -- 2018110 -- /admin/role/authority/782284210374180864
[2020/12/03-16:46:27] [http-nio-8888-exec-1] [INFO ] [com.digitaldeparturesystem.service.impl.PermissionService] : 0:0:0:0:0:0:0:1 -- 2018110 -- /admin/role/authority/782284210374180864
[2020/12/03-16:46:37] [http-nio-8888-exec-6] [INFO ] [com.digitaldeparturesystem.service.impl.PermissionService] : 0:0:0:0:0:0:0:1 -- 2018110 -- /admin/role/authority/782284210374180864
[2020/12/03-16:46:37] [http-nio-8888-exec-6] [DEBUG] [com.digitaldeparturesystem.mapper.RoleMapper.getRoleById] : ==>  Preparing: select * from role where id = ?;
[2020/12/03-16:46:37] [http-nio-8888-exec-6] [DEBUG] [com.digitaldeparturesystem.mapper.RoleMapper.getRoleById] : ==> Parameters: 782284210374180864(String)
[2020/12/03-16:46:37] [http-nio-8888-exec-6] [DEBUG] [com.digitaldeparturesystem.mapper.RoleMapper.getRoleById] : <==      Total: 1
[2020/12/03-16:46:37] [http-nio-8888-exec-6] [DEBUG] [com.digitaldeparturesystem.mapper.RoleAuthorityMapper.addAuthorityToRole] : ==>  Preparing: insert into role_authority (`id`,`role_id`,`authority_id`) values (?,?,?);
[2020/12/03-16:46:37] [http-nio-8888-exec-6] [DEBUG] [com.digitaldeparturesystem.mapper.RoleAuthorityMapper.addAuthorityToRole] : ==> Parameters: 784098278890274816(String), 782284210374180864(String), 781871814379831296(String)
[2020/12/03-16:46:37] [http-nio-8888-exec-6] [DEBUG] [com.digitaldeparturesystem.mapper.RoleAuthorityMapper.addAuthorityToRole] : <==    Updates: 1
[2020/12/03-16:46:37] [http-nio-8888-exec-6] [DEBUG] [com.digitaldeparturesystem.mapper.RoleAuthorityMapper.addAuthorityToRole] : ==>  Preparing: insert into role_authority (`id`,`role_id`,`authority_id`) values (?,?,?);
[2020/12/03-16:46:37] [http-nio-8888-exec-6] [DEBUG] [com.digitaldeparturesystem.mapper.RoleAuthorityMapper.addAuthorityToRole] : ==> Parameters: 784098279385202688(String), 782284210374180864(String), 781903964646932480(String)
[2020/12/03-16:46:37] [http-nio-8888-exec-6] [DEBUG] [com.digitaldeparturesystem.mapper.RoleAuthorityMapper.addAuthorityToRole] : <==    Updates: 1
[2020/12/03-16:46:37] [http-nio-8888-exec-6] [DEBUG] [com.digitaldeparturesystem.mapper.RoleAuthorityMapper.addAuthorityToRole] : ==>  Preparing: insert into role_authority (`id`,`role_id`,`authority_id`) values (?,?,?);
[2020/12/03-16:46:37] [http-nio-8888-exec-6] [DEBUG] [com.digitaldeparturesystem.mapper.RoleAuthorityMapper.addAuthorityToRole] : ==> Parameters: 784098279930462208(String), 782284210374180864(String), 781904244109213696(String)
[2020/12/03-16:46:37] [http-nio-8888-exec-6] [DEBUG] [com.digitaldeparturesystem.mapper.RoleAuthorityMapper.addAuthorityToRole] : <==    Updates: 1
[2020/12/03-16:46:37] [http-nio-8888-exec-6] [DEBUG] [com.digitaldeparturesystem.mapper.RoleAuthorityMapper.addAuthorityToRole] : ==>  Preparing: insert into role_authority (`id`,`role_id`,`authority_id`) values (?,?,?);
[2020/12/03-16:46:37] [http-nio-8888-exec-6] [DEBUG] [com.digitaldeparturesystem.mapper.RoleAuthorityMapper.addAuthorityToRole] : ==> Parameters: 784098280496693248(String), 782284210374180864(String), 781904500662206464(String)
[2020/12/03-16:46:38] [http-nio-8888-exec-6] [DEBUG] [com.digitaldeparturesystem.mapper.RoleAuthorityMapper.addAuthorityToRole] : <==    Updates: 1
[2020/12/03-16:48:07] [http-nio-8888-exec-2] [INFO ] [com.digitaldeparturesystem.service.impl.PermissionService] : 0:0:0:0:0:0:0:1 -- 2018110 -- /admin/role/authority/782284404641759232
[2020/12/03-16:48:07] [http-nio-8888-exec-2] [DEBUG] [com.digitaldeparturesystem.mapper.RoleMapper.getRoleById] : ==>  Preparing: select * from role where id = ?;
[2020/12/03-16:48:07] [http-nio-8888-exec-2] [DEBUG] [com.digitaldeparturesystem.mapper.RoleMapper.getRoleById] : ==> Parameters: 782284404641759232(String)
[2020/12/03-16:48:07] [http-nio-8888-exec-2] [DEBUG] [com.digitaldeparturesystem.mapper.RoleMapper.getRoleById] : <==      Total: 1
[2020/12/03-16:48:07] [http-nio-8888-exec-2] [DEBUG] [com.digitaldeparturesystem.mapper.RoleAuthorityMapper.addAuthorityToRole] : ==>  Preparing: insert into role_authority (`id`,`role_id`,`authority_id`) values (?,?,?);
[2020/12/03-16:48:07] [http-nio-8888-exec-2] [DEBUG] [com.digitaldeparturesystem.mapper.RoleAuthorityMapper.addAuthorityToRole] : ==> Parameters: 784098656142753792(String), 782284404641759232(String), 782242309801508864(String)
[2020/12/03-16:48:07] [http-nio-8888-exec-2] [DEBUG] [com.digitaldeparturesystem.mapper.RoleAuthorityMapper.addAuthorityToRole] : <==    Updates: 1
[2020/12/03-16:48:07] [http-nio-8888-exec-2] [DEBUG] [com.digitaldeparturesystem.mapper.RoleAuthorityMapper.addAuthorityToRole] : ==>  Preparing: insert into role_authority (`id`,`role_id`,`authority_id`) values (?,?,?);
[2020/12/03-16:48:07] [http-nio-8888-exec-2] [DEBUG] [com.digitaldeparturesystem.mapper.RoleAuthorityMapper.addAuthorityToRole] : ==> Parameters: 784098656654458880(String), 782284404641759232(String), 782242394375454720(String)
[2020/12/03-16:48:07] [http-nio-8888-exec-2] [DEBUG] [com.digitaldeparturesystem.mapper.RoleAuthorityMapper.addAuthorityToRole] : <==    Updates: 1
[2020/12/03-16:48:07] [http-nio-8888-exec-2] [DEBUG] [com.digitaldeparturesystem.mapper.RoleAuthorityMapper.addAuthorityToRole] : ==>  Preparing: insert into role_authority (`id`,`role_id`,`authority_id`) values (?,?,?);
[2020/12/03-16:48:07] [http-nio-8888-exec-2] [DEBUG] [com.digitaldeparturesystem.mapper.RoleAuthorityMapper.addAuthorityToRole] : ==> Parameters: 784098657136803840(String), 782284404641759232(String), 782242476986466304(String)
[2020/12/03-16:48:07] [http-nio-8888-exec-2] [DEBUG] [com.digitaldeparturesystem.mapper.RoleAuthorityMapper.addAuthorityToRole] : <==    Updates: 1
[2020/12/03-16:49:52] [http-nio-8888-exec-9] [INFO ] [com.digitaldeparturesystem.service.impl.PermissionService] : 0:0:0:0:0:0:0:1 -- 2018110 -- /admin/role/authority/782284517887967232
[2020/12/03-16:49:52] [http-nio-8888-exec-9] [DEBUG] [com.digitaldeparturesystem.mapper.RoleMapper.getRoleById] : ==>  Preparing: select * from role where id = ?;
[2020/12/03-16:49:52] [http-nio-8888-exec-9] [DEBUG] [com.digitaldeparturesystem.mapper.RoleMapper.getRoleById] : ==> Parameters: 782284517887967232(String)
[2020/12/03-16:49:52] [http-nio-8888-exec-9] [DEBUG] [com.digitaldeparturesystem.mapper.RoleMapper.getRoleById] : <==      Total: 1
[2020/12/03-16:49:52] [http-nio-8888-exec-9] [DEBUG] [com.digitaldeparturesystem.mapper.RoleAuthorityMapper.addAuthorityToRole] : ==>  Preparing: insert into role_authority (`id`,`role_id`,`authority_id`) values (?,?,?);
[2020/12/03-16:49:52] [http-nio-8888-exec-9] [DEBUG] [com.digitaldeparturesystem.mapper.RoleAuthorityMapper.addAuthorityToRole] : ==> Parameters: 784099096578228224(String), 782284517887967232(String), 782340815467839488(String)
[2020/12/03-16:49:52] [http-nio-8888-exec-9] [DEBUG] [com.digitaldeparturesystem.mapper.RoleAuthorityMapper.addAuthorityToRole] : <==    Updates: 1
[2020/12/03-16:49:52] [http-nio-8888-exec-9] [DEBUG] [com.digitaldeparturesystem.mapper.RoleAuthorityMapper.addAuthorityToRole] : ==>  Preparing: insert into role_authority (`id`,`role_id`,`authority_id`) values (?,?,?);
[2020/12/03-16:49:52] [http-nio-8888-exec-9] [DEBUG] [com.digitaldeparturesystem.mapper.RoleAuthorityMapper.addAuthorityToRole] : ==> Parameters: 784099097261899776(String), 782284517887967232(String), 782340932077879296(String)
[2020/12/03-16:49:52] [http-nio-8888-exec-9] [DEBUG] [com.digitaldeparturesystem.mapper.RoleAuthorityMapper.addAuthorityToRole] : <==    Updates: 1
[2020/12/03-16:49:52] [http-nio-8888-exec-9] [DEBUG] [com.digitaldeparturesystem.mapper.RoleAuthorityMapper.addAuthorityToRole] : ==>  Preparing: insert into role_authority (`id`,`role_id`,`authority_id`) values (?,?,?);
[2020/12/03-16:49:52] [http-nio-8888-exec-9] [DEBUG] [com.digitaldeparturesystem.mapper.RoleAuthorityMapper.addAuthorityToRole] : ==> Parameters: 784099097878462464(String), 782284517887967232(String), 782341024738443264(String)
[2020/12/03-16:49:52] [http-nio-8888-exec-9] [DEBUG] [com.digitaldeparturesystem.mapper.RoleAuthorityMapper.addAuthorityToRole] : <==    Updates: 1
[2020/12/03-16:49:52] [http-nio-8888-exec-9] [DEBUG] [com.digitaldeparturesystem.mapper.RoleAuthorityMapper.addAuthorityToRole] : ==>  Preparing: insert into role_authority (`id`,`role_id`,`authority_id`) values (?,?,?);
[2020/12/03-16:49:52] [http-nio-8888-exec-9] [DEBUG] [com.digitaldeparturesystem.mapper.RoleAuthorityMapper.addAuthorityToRole] : ==> Parameters: 784099098612465664(String), 782284517887967232(String), 782341136919298048(String)
[2020/12/03-16:49:53] [http-nio-8888-exec-9] [DEBUG] [com.digitaldeparturesystem.mapper.RoleAuthorityMapper.addAuthorityToRole] : <==    Updates: 1
[2020/12/03-16:50:37] [http-nio-8888-exec-8] [INFO ] [com.digitaldeparturesystem.service.impl.PermissionService] : 0:0:0:0:0:0:0:1 -- 2018110 -- /admin/role/authority/782284682124328960
[2020/12/03-16:50:37] [http-nio-8888-exec-8] [DEBUG] [com.digitaldeparturesystem.mapper.RoleMapper.getRoleById] : ==>  Preparing: select * from role where id = ?;
[2020/12/03-16:50:37] [http-nio-8888-exec-8] [DEBUG] [com.digitaldeparturesystem.mapper.RoleMapper.getRoleById] : ==> Parameters: 782284682124328960(String)
[2020/12/03-16:50:37] [http-nio-8888-exec-8] [DEBUG] [com.digitaldeparturesystem.mapper.RoleMapper.getRoleById] : <==      Total: 1
[2020/12/03-16:50:37] [http-nio-8888-exec-8] [DEBUG] [com.digitaldeparturesystem.mapper.RoleAuthorityMapper.addAuthorityToRole] : ==>  Preparing: insert into role_authority (`id`,`role_id`,`authority_id`) values (?,?,?);
[2020/12/03-16:50:37] [http-nio-8888-exec-8] [DEBUG] [com.digitaldeparturesystem.mapper.RoleAuthorityMapper.addAuthorityToRole] : ==> Parameters: 784099287188373504(String), 782284682124328960(String), 782243677786341376(String)
[2020/12/03-16:50:38] [http-nio-8888-exec-8] [DEBUG] [com.digitaldeparturesystem.mapper.RoleAuthorityMapper.addAuthorityToRole] : <==    Updates: 1
[2020/12/03-16:50:38] [http-nio-8888-exec-8] [DEBUG] [com.digitaldeparturesystem.mapper.RoleAuthorityMapper.addAuthorityToRole] : ==>  Preparing: insert into role_authority (`id`,`role_id`,`authority_id`) values (?,?,?);
[2020/12/03-16:50:38] [http-nio-8888-exec-8] [DEBUG] [com.digitaldeparturesystem.mapper.RoleAuthorityMapper.addAuthorityToRole] : ==> Parameters: 784099287674912768(String), 782284682124328960(String), 782243773697490944(String)
[2020/12/03-16:50:38] [http-nio-8888-exec-8] [DEBUG] [com.digitaldeparturesystem.mapper.RoleAuthorityMapper.addAuthorityToRole] : <==    Updates: 1
[2020/12/03-17:00:44] [http-nio-8888-exec-7] [INFO ] [com.digitaldeparturesystem.service.impl.PermissionService] : 0:0:0:0:0:0:0:1 -- 2018110 -- /webjars/springfox-swagger-ui/favicon-16x16.png
[2020/12/03-17:00:44] [http-nio-8888-exec-10] [INFO ] [com.digitaldeparturesystem.service.impl.PermissionService] : 0:0:0:0:0:0:0:1 -- 2018110 -- /v2/api-docs
[2020/12/03-17:00:47] [http-nio-8888-exec-1] [INFO ] [com.digitaldeparturesystem.service.impl.PermissionService] : 0:0:0:0:0:0:0:1 -- 2018110 -- /webjars/springfox-swagger-ui/favicon-16x16.png
[2020/12/03-17:00:56] [http-nio-8888-exec-6] [INFO ] [com.digitaldeparturesystem.service.impl.PermissionService] : 0:0:0:0:0:0:0:1 -- 2018110 -- /v2/api-docs
[2020/12/03-17:00:56] [http-nio-8888-exec-4] [INFO ] [com.digitaldeparturesystem.service.impl.PermissionService] : 0:0:0:0:0:0:0:1 -- 2018110 -- /webjars/springfox-swagger-ui/favicon-16x16.png
[2020/12/03-17:01:02] [http-nio-8888-exec-2] [INFO ] [com.digitaldeparturesystem.service.impl.PermissionService] : 0:0:0:0:0:0:0:1 -- 2018110 -- /webjars/springfox-swagger-ui/favicon-16x16.png
[2020/12/03-17:09:21] [http-nio-8888-exec-8] [INFO ] [com.digitaldeparturesystem.service.impl.PermissionService] : 0:0:0:0:0:0:0:1 -- 2018110 -- /admin/admin_account
[2020/12/03-17:09:21] [http-nio-8888-exec-8] [INFO ] [com.digitaldeparturesystem.controller.admin.AdminApi] : admin name --> 王玉龙
[2020/12/03-17:09:21] [http-nio-8888-exec-8] [INFO ] [com.digitaldeparturesystem.controller.admin.AdminApi] : admin pwd --> 123456
[2020/12/03-17:09:21] [http-nio-8888-exec-8] [INFO ] [com.digitaldeparturesystem.controller.admin.AdminApi] : admin account --> 666
[2020/12/03-17:09:21] [http-nio-8888-exec-8] [DEBUG] [com.digitaldeparturesystem.mapper.SettingsMapper.findOneByKey] : ==>  Preparing: select * from settings where `key` = ?;
[2020/12/03-17:09:21] [http-nio-8888-exec-8] [DEBUG] [com.digitaldeparturesystem.mapper.SettingsMapper.findOneByKey] : ==> Parameters: admin_account_init_status(String)
[2020/12/03-17:09:21] [http-nio-8888-exec-8] [DEBUG] [com.digitaldeparturesystem.mapper.SettingsMapper.findOneByKey] : <==      Total: 1
[2020/12/03-17:22:58] [http-nio-8888-exec-7] [INFO ] [com.digitaldeparturesystem.service.impl.PermissionService] : 0:0:0:0:0:0:0:1 -- 2018110 -- /webjars/springfox-swagger-ui/favicon-16x16.png
[2020/12/03-17:22:59] [http-nio-8888-exec-10] [INFO ] [com.digitaldeparturesystem.service.impl.PermissionService] : 0:0:0:0:0:0:0:1 -- 2018110 -- /webjars/springfox-swagger-ui/favicon-16x16.png
[2020/12/03-17:23:05] [http-nio-8888-exec-1] [INFO ] [com.digitaldeparturesystem.service.impl.PermissionService] : 0:0:0:0:0:0:0:1 -- 2018110 -- /webjars/springfox-swagger-ui/favicon-16x16.png
[2020/12/03-17:23:52] [http-nio-8888-exec-6] [INFO ] [com.digitaldeparturesystem.service.impl.PermissionService] : 0:0:0:0:0:0:0:1 -- 2018110 -- /admin/user/role/781871136110542848
[2020/12/03-17:23:52] [http-nio-8888-exec-6] [DEBUG] [com.digitaldeparturesystem.mapper.SectorMapper.findOneById] : ==>  Preparing: select * from clerk where clerkID = ?;
[2020/12/03-17:23:52] [http-nio-8888-exec-6] [DEBUG] [com.digitaldeparturesystem.mapper.SectorMapper.findOneById] : ==> Parameters: 781871136110542848(String)
[2020/12/03-17:23:52] [http-nio-8888-exec-6] [DEBUG] [com.digitaldeparturesystem.mapper.SectorMapper.findOneById] : <==      Total: 1
[2020/12/03-17:23:52] [http-nio-8888-exec-6] [DEBUG] [com.digitaldeparturesystem.mapper.UserRoleMapper.deleteAllRoleByUser] : ==>  Preparing: delete from user_role where user_id = ?;
[2020/12/03-17:23:52] [http-nio-8888-exec-6] [DEBUG] [com.digitaldeparturesystem.mapper.UserRoleMapper.deleteAllRoleByUser] : ==> Parameters: 781871136110542848(String)
[2020/12/03-17:23:52] [http-nio-8888-exec-6] [DEBUG] [com.digitaldeparturesystem.mapper.UserRoleMapper.deleteAllRoleByUser] : <==    Updates: 0
[2020/12/03-17:23:52] [http-nio-8888-exec-6] [DEBUG] [com.digitaldeparturesystem.mapper.RoleMapper.getRoleById] : ==>  Preparing: select * from role where id = ?;
[2020/12/03-17:23:52] [http-nio-8888-exec-6] [DEBUG] [com.digitaldeparturesystem.mapper.RoleMapper.getRoleById] : ==> Parameters: 782284404641759232(String)
[2020/12/03-17:23:52] [http-nio-8888-exec-6] [DEBUG] [com.digitaldeparturesystem.mapper.RoleMapper.getRoleById] : <==      Total: 1
[2020/12/03-17:23:52] [http-nio-8888-exec-6] [DEBUG] [com.digitaldeparturesystem.mapper.UserRoleMapper.findUserRoleData] : ==>  Preparing: select * from user_role where user_id = ? and role_id = ?;
[2020/12/03-17:23:52] [http-nio-8888-exec-6] [DEBUG] [com.digitaldeparturesystem.mapper.UserRoleMapper.findUserRoleData] : ==> Parameters: 781871136110542848(String), 782284404641759232(String)
[2020/12/03-17:23:52] [http-nio-8888-exec-6] [DEBUG] [com.digitaldeparturesystem.mapper.UserRoleMapper.findUserRoleData] : <==      Total: 0
[2020/12/03-17:23:52] [http-nio-8888-exec-6] [DEBUG] [com.digitaldeparturesystem.mapper.UserRoleMapper.addRoleToUser] : ==>  Preparing: insert into user_role(`id`,user_id,role_id) values (?,?,?);
[2020/12/03-17:23:52] [http-nio-8888-exec-6] [DEBUG] [com.digitaldeparturesystem.mapper.UserRoleMapper.addRoleToUser] : ==> Parameters: 784107654950682624(String), 781871136110542848(String), 782284404641759232(String)
[2020/12/03-17:23:53] [http-nio-8888-exec-6] [DEBUG] [com.digitaldeparturesystem.mapper.UserRoleMapper.addRoleToUser] : <==    Updates: 1
[2020/12/03-17:23:53] [http-nio-8888-exec-6] [DEBUG] [com.digitaldeparturesystem.mapper.RoleMapper.getRoleById] : ==>  Preparing: select * from role where id = ?;
[2020/12/03-17:23:53] [http-nio-8888-exec-6] [DEBUG] [com.digitaldeparturesystem.mapper.RoleMapper.getRoleById] : ==> Parameters: 782284517887967232(String)
[2020/12/03-17:23:53] [http-nio-8888-exec-6] [DEBUG] [com.digitaldeparturesystem.mapper.RoleMapper.getRoleById] : <==      Total: 1
[2020/12/03-17:23:53] [http-nio-8888-exec-6] [DEBUG] [com.digitaldeparturesystem.mapper.UserRoleMapper.findUserRoleData] : ==>  Preparing: select * from user_role where user_id = ? and role_id = ?;
[2020/12/03-17:23:53] [http-nio-8888-exec-6] [DEBUG] [com.digitaldeparturesystem.mapper.UserRoleMapper.findUserRoleData] : ==> Parameters: 781871136110542848(String), 782284517887967232(String)
[2020/12/03-17:23:53] [http-nio-8888-exec-6] [DEBUG] [com.digitaldeparturesystem.mapper.UserRoleMapper.findUserRoleData] : <==      Total: 0
[2020/12/03-17:23:53] [http-nio-8888-exec-6] [DEBUG] [com.digitaldeparturesystem.mapper.UserRoleMapper.addRoleToUser] : ==>  Preparing: insert into user_role(`id`,user_id,role_id) values (?,?,?);
[2020/12/03-17:23:53] [http-nio-8888-exec-6] [DEBUG] [com.digitaldeparturesystem.mapper.UserRoleMapper.addRoleToUser] : ==> Parameters: 784107656854896640(String), 781871136110542848(String), 782284517887967232(String)
[2020/12/03-17:23:53] [http-nio-8888-exec-6] [DEBUG] [com.digitaldeparturesystem.mapper.UserRoleMapper.addRoleToUser] : <==    Updates: 1
[2020/12/03-17:30:16] [http-nio-8888-exec-2] [INFO ] [com.digitaldeparturesystem.service.impl.PermissionService] : 0:0:0:0:0:0:0:1 -- 2018110 -- /admin/user/role/783001698883862528
[2020/12/03-17:30:16] [http-nio-8888-exec-2] [DEBUG] [com.digitaldeparturesystem.mapper.SectorMapper.findOneById] : ==>  Preparing: select * from clerk where clerkID = ?;
[2020/12/03-17:30:16] [http-nio-8888-exec-2] [DEBUG] [com.digitaldeparturesystem.mapper.SectorMapper.findOneById] : ==> Parameters: 783001698883862528(String)
[2020/12/03-17:30:16] [http-nio-8888-exec-2] [DEBUG] [com.digitaldeparturesystem.mapper.SectorMapper.findOneById] : <==      Total: 1
[2020/12/03-17:30:16] [http-nio-8888-exec-2] [DEBUG] [com.digitaldeparturesystem.mapper.UserRoleMapper.deleteAllRoleByUser] : ==>  Preparing: delete from user_role where user_id = ?;
[2020/12/03-17:30:16] [http-nio-8888-exec-2] [DEBUG] [com.digitaldeparturesystem.mapper.UserRoleMapper.deleteAllRoleByUser] : ==> Parameters: 783001698883862528(String)
[2020/12/03-17:30:16] [http-nio-8888-exec-2] [DEBUG] [com.digitaldeparturesystem.mapper.UserRoleMapper.deleteAllRoleByUser] : <==    Updates: 0
[2020/12/03-17:30:16] [http-nio-8888-exec-2] [DEBUG] [com.digitaldeparturesystem.mapper.RoleMapper.getRoleById] : ==>  Preparing: select * from role where id = ?;
[2020/12/03-17:30:16] [http-nio-8888-exec-2] [DEBUG] [com.digitaldeparturesystem.mapper.RoleMapper.getRoleById] : ==> Parameters: 781917350797508608(String)
[2020/12/03-17:30:16] [http-nio-8888-exec-2] [DEBUG] [com.digitaldeparturesystem.mapper.RoleMapper.getRoleById] : <==      Total: 1
[2020/12/03-17:30:16] [http-nio-8888-exec-2] [DEBUG] [com.digitaldeparturesystem.mapper.UserRoleMapper.findUserRoleData] : ==>  Preparing: select * from user_role where user_id = ? and role_id = ?;
[2020/12/03-17:30:16] [http-nio-8888-exec-2] [DEBUG] [com.digitaldeparturesystem.mapper.UserRoleMapper.findUserRoleData] : ==> Parameters: 783001698883862528(String), 781917350797508608(String)
[2020/12/03-17:30:16] [http-nio-8888-exec-2] [DEBUG] [com.digitaldeparturesystem.mapper.UserRoleMapper.findUserRoleData] : <==      Total: 0
[2020/12/03-17:30:16] [http-nio-8888-exec-2] [DEBUG] [com.digitaldeparturesystem.mapper.UserRoleMapper.addRoleToUser] : ==>  Preparing: insert into user_role(`id`,user_id,role_id) values (?,?,?);
[2020/12/03-17:30:16] [http-nio-8888-exec-2] [DEBUG] [com.digitaldeparturesystem.mapper.UserRoleMapper.addRoleToUser] : ==> Parameters: 784109265739579392(String), 783001698883862528(String), 781917350797508608(String)
[2020/12/03-17:30:17] [http-nio-8888-exec-2] [DEBUG] [com.digitaldeparturesystem.mapper.UserRoleMapper.addRoleToUser] : <==    Updates: 1
[2020/12/03-17:31:32] [http-nio-8888-exec-9] [INFO ] [com.digitaldeparturesystem.service.impl.PermissionService] : 0:0:0:0:0:0:0:1 -- 2018110 -- /v2/api-docs
[2020/12/03-17:31:32] [http-nio-8888-exec-8] [INFO ] [com.digitaldeparturesystem.service.impl.PermissionService] : 0:0:0:0:0:0:0:1 -- 2018110 -- /webjars/springfox-swagger-ui/favicon-16x16.png
[2020/12/03-17:31:35] [http-nio-8888-exec-5] [INFO ] [com.digitaldeparturesystem.service.impl.PermissionService] : 0:0:0:0:0:0:0:1 -- 2018110 -- /webjars/springfox-swagger-ui/favicon-16x16.png
[2020/12/03-17:31:36] [http-nio-8888-exec-7] [INFO ] [com.digitaldeparturesystem.service.impl.PermissionService] : 0:0:0:0:0:0:0:1 -- 2018110 -- /webjars/springfox-swagger-ui/favicon-16x16.png
[2020/12/03-17:31:50] [http-nio-8888-exec-10] [INFO ] [com.digitaldeparturesystem.service.impl.PermissionService] : 0:0:0:0:0:0:0:1 -- 2018110 -- /v2/api-docs
[2020/12/03-17:31:50] [http-nio-8888-exec-1] [INFO ] [com.digitaldeparturesystem.service.impl.PermissionService] : 0:0:0:0:0:0:0:1 -- 2018110 -- /webjars/springfox-swagger-ui/favicon-16x16.png
[2020/12/03-17:31:53] [http-nio-8888-exec-6] [INFO ] [com.digitaldeparturesystem.service.impl.PermissionService] : 0:0:0:0:0:0:0:1 -- 2018110 -- /webjars/springfox-swagger-ui/favicon-16x16.png
